2018-07-12 21:30:46.438+0000 WARN  [o.n.i.p.PageCache] The dbms.memory.pagecache.size setting has not been configured. It is recommended that this setting is always explicitly configured, to ensure the system has a balanced configuration. Until then, a computed heuristic value of 1437288448 bytes will be used instead. 
2018-07-12 21:30:46.491+0000 INFO  [o.n.k.i.f.CommunityEditionModule] No locking implementation specified, defaulting to 'community'
2018-07-12 21:30:46.625+0000 INFO  [o.n.k.AvailabilityGuard] Requirement makes database unavailable: Database available
2018-07-12 21:30:46.648+0000 INFO  [o.n.k.i.DiagnosticsManager] --- INITIALIZED diagnostics START ---
2018-07-12 21:30:46.648+0000 INFO  [o.n.k.i.DiagnosticsManager] Neo4j Kernel properties:
2018-07-12 21:30:46.649+0000 INFO  [o.n.k.i.DiagnosticsManager] unsupported.dbms.edition=community
2018-07-12 21:30:46.649+0000 INFO  [o.n.k.i.DiagnosticsManager] unsupported.dbms.directories.neo4j_home=/home/diana/Dokumente/eclipse/workspace/objectMappingDataNucleusNeo4j/localhost:7474
2018-07-12 21:30:46.649+0000 INFO  [o.n.k.i.DiagnosticsManager] unsupported.dbms.ephemeral=false
2018-07-12 21:30:46.649+0000 INFO  [o.n.k.i.DiagnosticsManager] Diagnostics providers:
2018-07-12 21:30:46.649+0000 INFO  [o.n.k.i.DiagnosticsManager] org.neo4j.kernel.configuration.Config
2018-07-12 21:30:46.649+0000 INFO  [o.n.k.i.DiagnosticsManager] org.neo4j.kernel.info.DiagnosticsManager
2018-07-12 21:30:46.649+0000 INFO  [o.n.k.i.DiagnosticsManager] SYSTEM_MEMORY
2018-07-12 21:30:46.649+0000 INFO  [o.n.k.i.DiagnosticsManager] JAVA_MEMORY
2018-07-12 21:30:46.650+0000 INFO  [o.n.k.i.DiagnosticsManager] OPERATING_SYSTEM
2018-07-12 21:30:46.650+0000 INFO  [o.n.k.i.DiagnosticsManager] JAVA_VIRTUAL_MACHINE
2018-07-12 21:30:46.650+0000 INFO  [o.n.k.i.DiagnosticsManager] CLASSPATH
2018-07-12 21:30:46.650+0000 INFO  [o.n.k.i.DiagnosticsManager] LIBRARY_PATH
2018-07-12 21:30:46.650+0000 INFO  [o.n.k.i.DiagnosticsManager] SYSTEM_PROPERTIES
2018-07-12 21:30:46.650+0000 INFO  [o.n.k.i.DiagnosticsManager] LINUX_SCHEDULERS
2018-07-12 21:30:46.650+0000 INFO  [o.n.k.i.DiagnosticsManager] NETWORK
2018-07-12 21:30:46.650+0000 INFO  [o.n.k.i.DiagnosticsManager] System memory information:
2018-07-12 21:30:46.652+0000 INFO  [o.n.k.i.DiagnosticsManager] Total Physical memory: 3,44 GB
2018-07-12 21:30:46.652+0000 INFO  [o.n.k.i.DiagnosticsManager] Free Physical memory: 344,09 MB
2018-07-12 21:30:46.653+0000 INFO  [o.n.k.i.DiagnosticsManager] Committed virtual memory: 3,16 GB
2018-07-12 21:30:46.653+0000 INFO  [o.n.k.i.DiagnosticsManager] Total swap space: 3,58 GB
2018-07-12 21:30:46.653+0000 INFO  [o.n.k.i.DiagnosticsManager] Free swap space: 2,65 GB
2018-07-12 21:30:46.654+0000 INFO  [o.n.k.i.DiagnosticsManager] JVM memory information:
2018-07-12 21:30:46.654+0000 INFO  [o.n.k.i.DiagnosticsManager] Free  memory: 34,80 MB
2018-07-12 21:30:46.654+0000 INFO  [o.n.k.i.DiagnosticsManager] Total memory: 68,50 MB
2018-07-12 21:30:46.654+0000 INFO  [o.n.k.i.DiagnosticsManager] Max   memory: 784,00 MB
2018-07-12 21:30:46.656+0000 INFO  [o.n.k.i.DiagnosticsManager] Garbage Collector: PS Scavenge: [PS Eden Space, PS Survivor Space]
2018-07-12 21:30:46.656+0000 INFO  [o.n.k.i.DiagnosticsManager] Garbage Collector: PS MarkSweep: [PS Eden Space, PS Survivor Space, PS Old Gen]
2018-07-12 21:30:46.658+0000 INFO  [o.n.k.i.DiagnosticsManager] Memory Pool: Code Cache (Non-heap memory): committed=4,00 MB, used=3,96 MB, max=240,00 MB, threshold=0,00 B
2018-07-12 21:30:46.658+0000 INFO  [o.n.k.i.DiagnosticsManager] Memory Pool: Metaspace (Non-heap memory): committed=14,88 MB, used=14,22 MB, max=-1,00 B, threshold=0,00 B
2018-07-12 21:30:46.659+0000 INFO  [o.n.k.i.DiagnosticsManager] Memory Pool: Compressed Class Space (Non-heap memory): committed=1,88 MB, used=1,74 MB, max=1,00 GB, threshold=0,00 B
2018-07-12 21:30:46.659+0000 INFO  [o.n.k.i.DiagnosticsManager] Memory Pool: PS Eden Space (Heap memory): committed=29,00 MB, used=27,53 MB, max=290,00 MB, threshold=?
2018-07-12 21:30:46.660+0000 INFO  [o.n.k.i.DiagnosticsManager] Memory Pool: PS Survivor Space (Heap memory): committed=2,00 MB, used=1,97 MB, max=2,00 MB, threshold=?
2018-07-12 21:30:46.660+0000 INFO  [o.n.k.i.DiagnosticsManager] Memory Pool: PS Old Gen (Heap memory): committed=37,50 MB, used=4,20 MB, max=588,00 MB, threshold=0,00 B
2018-07-12 21:30:46.660+0000 INFO  [o.n.k.i.DiagnosticsManager] Operating system information:
2018-07-12 21:30:46.661+0000 INFO  [o.n.k.i.DiagnosticsManager] Operating System: Linux; version: 4.13.0-45-generic; arch: amd64; cpus: 4
2018-07-12 21:30:46.661+0000 INFO  [o.n.k.i.DiagnosticsManager] Max number of file descriptors: 1048576
2018-07-12 21:30:46.662+0000 INFO  [o.n.k.i.DiagnosticsManager] Number of open file descriptors: 103
2018-07-12 21:30:46.662+0000 INFO  [o.n.k.i.DiagnosticsManager] Process id: 17581@diana-ThinkPad-Edge-E530
2018-07-12 21:30:46.662+0000 INFO  [o.n.k.i.DiagnosticsManager] Byte order: LITTLE_ENDIAN
2018-07-12 21:30:46.662+0000 INFO  [o.n.k.i.DiagnosticsManager] Local timezone: Europe/Berlin
2018-07-12 21:30:46.662+0000 INFO  [o.n.k.i.DiagnosticsManager] JVM information:
2018-07-12 21:30:46.662+0000 INFO  [o.n.k.i.DiagnosticsManager] VM Name: Java HotSpot(TM) 64-Bit Server VM
2018-07-12 21:30:46.662+0000 INFO  [o.n.k.i.DiagnosticsManager] VM Vendor: Oracle Corporation
2018-07-12 21:30:46.663+0000 INFO  [o.n.k.i.DiagnosticsManager] VM Version: 25.151-b12
2018-07-12 21:30:46.663+0000 INFO  [o.n.k.i.DiagnosticsManager] JIT compiler: HotSpot 64-Bit Tiered Compilers
2018-07-12 21:30:46.663+0000 INFO  [o.n.k.i.DiagnosticsManager] VM Arguments: [-Dfile.encoding=UTF-8]
2018-07-12 21:30:46.664+0000 INFO  [o.n.k.i.DiagnosticsManager] Java classpath:
2018-07-12 21:30:46.667+0000 INFO  [o.n.k.i.DiagnosticsManager]  [classpath + loader.0] file:/home/diana/.m2/repository/org/neo4j/neo4j/3.0.0/neo4j-3.0.0.jar
2018-07-12 21:30:46.667+0000 INFO  [o.n.k.i.DiagnosticsManager]  [classpath + loader.0] file:/home/diana/.m2/repository/org/apache/lucene/lucene-codecs/5.5.0/lucene-codecs-5.5.0.jar
2018-07-12 21:30:46.667+0000 INFO  [o.n.k.i.DiagnosticsManager]  [classpath + loader.0] file:/home/diana/.m2/repository/org/neo4j/neo4j-primitive-collections/3.1.1/neo4j-primitive-collections-3.1.1.jar
2018-07-12 21:30:46.667+0000 INFO  [o.n.k.i.DiagnosticsManager]  [loader.1] file:/opt/javaOrdner/jdk1.8.0_151/jre/lib/ext/jaccess.jar
2018-07-12 21:30:46.667+0000 INFO  [o.n.k.i.DiagnosticsManager]  [classpath + loader.0] file:/home/diana/.m2/repository/org/neo4j/neo4j-graphdb-api/3.1.1/neo4j-graphdb-api-3.1.1.jar
2018-07-12 21:30:46.667+0000 INFO  [o.n.k.i.DiagnosticsManager]  [classpath + loader.0] file:/home/diana/.m2/repository/com/googlecode/concurrentlinkedhashmap/concurrentlinkedhashmap-lru/1.4.2/concurrentlinkedhashmap-lru-1.4.2.jar
2018-07-12 21:30:46.667+0000 INFO  [o.n.k.i.DiagnosticsManager]  [classpath + loader.0] file:/home/diana/.m2/repository/org/neo4j/neo4j-kernel/3.1.1/neo4j-kernel-3.1.1.jar
2018-07-12 21:30:46.667+0000 INFO  [o.n.k.i.DiagnosticsManager]  [classpath + loader.0] file:/home/diana/.m2/repository/org/neo4j/neo4j-lucene-index/3.0.0/neo4j-lucene-index-3.0.0.jar
2018-07-12 21:30:46.667+0000 INFO  [o.n.k.i.DiagnosticsManager]  [loader.1] file:/opt/javaOrdner/jdk1.8.0_151/jre/lib/ext/sunjce_provider.jar
2018-07-12 21:30:46.667+0000 INFO  [o.n.k.i.DiagnosticsManager]  [loader.1] file:/opt/javaOrdner/jdk1.8.0_151/jre/lib/ext/sunec.jar
2018-07-12 21:30:46.668+0000 INFO  [o.n.k.i.DiagnosticsManager]  [classpath + loader.0] file:/home/diana/.m2/repository/org/neo4j/app/neo4j-server/3.1.1/neo4j-server-3.1.1.jar
2018-07-12 21:30:46.668+0000 INFO  [o.n.k.i.DiagnosticsManager]  [classpath + loader.0] file:/home/diana/.m2/repository/org/neo4j/neo4j-logging/3.1.1/neo4j-logging-3.1.1.jar
2018-07-12 21:30:46.668+0000 INFO  [o.n.k.i.DiagnosticsManager]  [classpath + loader.0] file:/home/diana/.m2/repository/org/eclipse/jetty/jetty-http/9.2.9.v20150224/jetty-http-9.2.9.v20150224.jar
2018-07-12 21:30:46.668+0000 INFO  [o.n.k.i.DiagnosticsManager]  [classpath + loader.0] file:/home/diana/.m2/repository/org/neo4j/3rdparty/javax/ws/rs/jsr311-api/1.1.2.r612/jsr311-api-1.1.2.r612.jar
2018-07-12 21:30:46.668+0000 INFO  [o.n.k.i.DiagnosticsManager]  [classpath + loader.0] file:/home/diana/.m2/repository/org/neo4j/neo4j-codegen/3.1.1/neo4j-codegen-3.1.1.jar
2018-07-12 21:30:46.668+0000 INFO  [o.n.k.i.DiagnosticsManager]  [classpath + loader.0] file:/home/diana/.m2/repository/org/codehaus/jackson/jackson-core-asl/1.9.13/jackson-core-asl-1.9.13.jar
2018-07-12 21:30:46.668+0000 INFO  [o.n.k.i.DiagnosticsManager]  [classpath + loader.0] file:/home/diana/.m2/repository/org/datanucleus/datanucleus-api-jdo/5.1.6/datanucleus-api-jdo-5.1.6.jar
2018-07-12 21:30:46.668+0000 INFO  [o.n.k.i.DiagnosticsManager]  [classpath + loader.0] file:/home/diana/.m2/repository/org/scala-lang/scala-library/2.11.8/scala-library-2.11.8.jar
2018-07-12 21:30:46.668+0000 INFO  [o.n.k.i.DiagnosticsManager]  [classpath + loader.0] file:/home/diana/.m2/repository/org/neo4j/neo4j-bolt/3.1.1/neo4j-bolt-3.1.1.jar
2018-07-12 21:30:46.668+0000 INFO  [o.n.k.i.DiagnosticsManager]  [classpath + loader.0] file:/home/diana/.m2/repository/org/neo4j/neo4j-cypher-compiler-2.3/2.3.8/neo4j-cypher-compiler-2.3-2.3.8.jar
2018-07-12 21:30:46.669+0000 INFO  [o.n.k.i.DiagnosticsManager]  [classpath + loader.0] file:/home/diana/.m2/repository/org/ow2/asm/asm/5.0.4/asm-5.0.4.jar
2018-07-12 21:30:46.669+0000 INFO  [o.n.k.i.DiagnosticsManager]  [classpath + loader.0] file:/home/diana/.m2/repository/org/datanucleus/datanucleus-neo4j/5.1.3/datanucleus-neo4j-5.1.3.jar
2018-07-12 21:30:46.669+0000 INFO  [o.n.k.i.DiagnosticsManager]  [classpath + loader.0] file:/home/diana/.m2/repository/org/neo4j/neo4j-cypher/3.1.1/neo4j-cypher-3.1.1.jar
2018-07-12 21:30:46.669+0000 INFO  [o.n.k.i.DiagnosticsManager]  [classpath + loader.0] file:/home/diana/.m2/repository/org/neo4j/neo4j-io/3.1.1/neo4j-io-3.1.1.jar
2018-07-12 21:30:46.669+0000 INFO  [o.n.k.i.DiagnosticsManager]  [classpath + loader.0] file:/home/diana/.m2/repository/org/neo4j/neo4j-resource/3.1.1/neo4j-resource-3.1.1.jar
2018-07-12 21:30:46.669+0000 INFO  [o.n.k.i.DiagnosticsManager]  [bootstrap] /opt/javaOrdner/jdk1.8.0_151/jre/classes
2018-07-12 21:30:46.669+0000 INFO  [o.n.k.i.DiagnosticsManager]  [bootstrap] /opt/javaOrdner/jdk1.8.0_151/jre/lib/sunrsasign.jar
2018-07-12 21:30:46.669+0000 INFO  [o.n.k.i.DiagnosticsManager]  [bootstrap + classpath + loader.0] file:/opt/javaOrdner/jdk1.8.0_151/jre/lib/charsets.jar
2018-07-12 21:30:46.669+0000 INFO  [o.n.k.i.DiagnosticsManager]  [classpath + loader.0] file:/home/diana/.m2/repository/org/neo4j/neo4j-collections/3.1.1/neo4j-collections-3.1.1.jar
2018-07-12 21:30:46.669+0000 INFO  [o.n.k.i.DiagnosticsManager]  [classpath + loader.0] file:/home/diana/.m2/repository/commons-beanutils/commons-beanutils/1.8.3/commons-beanutils-1.8.3.jar
2018-07-12 21:30:46.669+0000 INFO  [o.n.k.i.DiagnosticsManager]  [classpath + loader.0] file:/home/diana/.m2/repository/org/neo4j/client/neo4j-browser/2.0.0-M10/neo4j-browser-2.0.0-M10.jar
2018-07-12 21:30:46.669+0000 INFO  [o.n.k.i.DiagnosticsManager]  [classpath + loader.0] file:/home/diana/.m2/repository/org/neo4j/neo4j-cypher-frontend-3.0/3.0.8/neo4j-cypher-frontend-3.0-3.0.8.jar
2018-07-12 21:30:46.670+0000 INFO  [o.n.k.i.DiagnosticsManager]  [classpath + loader.0] file:/home/diana/.m2/repository/org/neo4j/neo4j-cypher-compiler-3.1/3.1.1/neo4j-cypher-compiler-3.1-3.1.1.jar
2018-07-12 21:30:46.670+0000 INFO  [o.n.k.i.DiagnosticsManager]  [classpath + loader.0] file:/home/diana/.m2/repository/org/datanucleus/javax.jdo/3.2.0-m5/javax.jdo-3.2.0-m5.jar
2018-07-12 21:30:46.670+0000 INFO  [o.n.k.i.DiagnosticsManager]  [classpath + loader.0] file:/home/diana/.m2/repository/org/eclipse/jetty/jetty-server/9.2.9.v20150224/jetty-server-9.2.9.v20150224.jar
2018-07-12 21:30:46.670+0000 INFO  [o.n.k.i.DiagnosticsManager]  [classpath + loader.0] file:/home/diana/.m2/repository/org/neo4j/server-api/3.1.1/server-api-3.1.1.jar
2018-07-12 21:30:46.670+0000 INFO  [o.n.k.i.DiagnosticsManager]  [classpath + loader.0] file:/home/diana/.m2/repository/org/apache/lucene/lucene-core/5.5.0/lucene-core-5.5.0.jar
2018-07-12 21:30:46.670+0000 INFO  [o.n.k.i.DiagnosticsManager]  [classpath + loader.0] file:/home/diana/.m2/repository/org/eclipse/jetty/jetty-servlet/9.2.9.v20150224/jetty-servlet-9.2.9.v20150224.jar
2018-07-12 21:30:46.670+0000 INFO  [o.n.k.i.DiagnosticsManager]  [loader.1] file:/opt/javaOrdner/jdk1.8.0_151/jre/lib/ext/sunpkcs11.jar
2018-07-12 21:30:46.670+0000 INFO  [o.n.k.i.DiagnosticsManager]  [classpath + loader.0] file:/home/diana/.m2/repository/org/apache/lucene/lucene-analyzers-common/5.5.0/lucene-analyzers-common-5.5.0.jar
2018-07-12 21:30:46.670+0000 INFO  [o.n.k.i.DiagnosticsManager]  [classpath + loader.0] file:/home/diana/.m2/repository/org/eclipse/jetty/jetty-util/9.2.9.v20150224/jetty-util-9.2.9.v20150224.jar
2018-07-12 21:30:46.670+0000 INFO  [o.n.k.i.DiagnosticsManager]  [classpath + loader.0] file:/home/diana/.m2/repository/org/neo4j/neo4j-cypher-compiler-3.0/3.0.8/neo4j-cypher-compiler-3.0-3.0.8.jar
2018-07-12 21:30:46.670+0000 INFO  [o.n.k.i.DiagnosticsManager]  [classpath + loader.0] file:/home/diana/.m2/repository/org/neo4j/neo4j-import-tool/3.1.1/neo4j-import-tool-3.1.1.jar
2018-07-12 21:30:46.670+0000 INFO  [o.n.k.i.DiagnosticsManager]  [bootstrap + classpath + loader.0] file:/opt/javaOrdner/jdk1.8.0_151/jre/lib/jsse.jar
2018-07-12 21:30:46.671+0000 INFO  [o.n.k.i.DiagnosticsManager]  [bootstrap + classpath + loader.0] file:/opt/javaOrdner/jdk1.8.0_151/jre/lib/jfr.jar
2018-07-12 21:30:46.671+0000 INFO  [o.n.k.i.DiagnosticsManager]  [classpath + loader.0] file:/home/diana/.m2/repository/org/neo4j/neo4j-csv/3.1.1/neo4j-csv-3.1.1.jar
2018-07-12 21:30:46.671+0000 INFO  [o.n.k.i.DiagnosticsManager]  [classpath + loader.0] file:/home/diana/.m2/repository/com/sun/jersey/jersey-core/1.19/jersey-core-1.19.jar
2018-07-12 21:30:46.671+0000 INFO  [o.n.k.i.DiagnosticsManager]  [classpath + loader.0] file:/home/diana/.m2/repository/org/bouncycastle/bcpkix-jdk15on/1.53/bcpkix-jdk15on-1.53.jar
2018-07-12 21:30:46.671+0000 INFO  [o.n.k.i.DiagnosticsManager]  [classpath + loader.0] file:/home/diana/.m2/repository/org/neo4j/neo4j-udc/3.0.0/neo4j-udc-3.0.0.jar
2018-07-12 21:30:46.671+0000 INFO  [o.n.k.i.DiagnosticsManager]  [classpath + loader.0] file:/home/diana/.m2/repository/org/neo4j/neo4j-graph-matching/3.0.0/neo4j-graph-matching-3.0.0.jar
2018-07-12 21:30:46.671+0000 INFO  [o.n.k.i.DiagnosticsManager]  [classpath + loader.0] file:/home/diana/.m2/repository/com/sun/jersey/contribs/jersey-multipart/1.19/jersey-multipart-1.19.jar
2018-07-12 21:30:46.671+0000 INFO  [o.n.k.i.DiagnosticsManager]  [loader.1] file:/opt/javaOrdner/jdk1.8.0_151/jre/lib/ext/nashorn.jar
2018-07-12 21:30:46.671+0000 INFO  [o.n.k.i.DiagnosticsManager]  [classpath + loader.0] file:/home/diana/.m2/repository/org/neo4j/neo4j-security/3.1.1/neo4j-security-3.1.1.jar
2018-07-12 21:30:46.671+0000 INFO  [o.n.k.i.DiagnosticsManager]  [classpath + loader.0] file:/home/diana/.m2/repository/org/apache/commons/commons-compress/1.12/commons-compress-1.12.jar
2018-07-12 21:30:46.671+0000 INFO  [o.n.k.i.DiagnosticsManager]  [classpath + loader.0] file:/home/diana/.m2/repository/org/codehaus/jackson/jackson-jaxrs/1.9.13/jackson-jaxrs-1.9.13.jar
2018-07-12 21:30:46.671+0000 INFO  [o.n.k.i.DiagnosticsManager]  [classpath + loader.0] file:/home/diana/.m2/repository/com/sun/jersey/jersey-servlet/1.19/jersey-servlet-1.19.jar
2018-07-12 21:30:46.672+0000 INFO  [o.n.k.i.DiagnosticsManager]  [classpath + loader.0] file:/home/diana/.m2/repository/org/datanucleus/datanucleus-core/5.1.9/datanucleus-core-5.1.9.jar
2018-07-12 21:30:46.672+0000 INFO  [o.n.k.i.DiagnosticsManager]  [classpath + loader.0] file:/home/diana/.m2/repository/org/parboiled/parboiled-scala_2.11/1.1.7/parboiled-scala_2.11-1.1.7.jar
2018-07-12 21:30:46.672+0000 INFO  [o.n.k.i.DiagnosticsManager]  [bootstrap + classpath + loader.0] file:/opt/javaOrdner/jdk1.8.0_151/jre/lib/resources.jar
2018-07-12 21:30:46.672+0000 INFO  [o.n.k.i.DiagnosticsManager]  [classpath + loader.0] file:/home/diana/.m2/repository/org/jvnet/mimepull/mimepull/1.9.3/mimepull-1.9.3.jar
2018-07-12 21:30:46.672+0000 INFO  [o.n.k.i.DiagnosticsManager]  [classpath + loader.0] file:/home/diana/.m2/repository/com/sun/jersey/jersey-server/1.19/jersey-server-1.19.jar
2018-07-12 21:30:46.672+0000 INFO  [o.n.k.i.DiagnosticsManager]  [classpath + loader.0] file:/home/diana/.m2/repository/org/eclipse/jetty/jetty-webapp/9.2.9.v20150224/jetty-webapp-9.2.9.v20150224.jar
2018-07-12 21:30:46.672+0000 INFO  [o.n.k.i.DiagnosticsManager]  [classpath + loader.0] file:/home/diana/.m2/repository/org/neo4j/neo4j-cypher-frontend-3.1/3.1.1/neo4j-cypher-frontend-3.1-3.1.1.jar
2018-07-12 21:30:46.672+0000 INFO  [o.n.k.i.DiagnosticsManager]  [loader.1] file:/opt/javaOrdner/jdk1.8.0_151/jre/lib/ext/localedata.jar
2018-07-12 21:30:46.672+0000 INFO  [o.n.k.i.DiagnosticsManager]  [bootstrap + classpath + loader.0] file:/opt/javaOrdner/jdk1.8.0_151/jre/lib/jce.jar
2018-07-12 21:30:46.672+0000 INFO  [o.n.k.i.DiagnosticsManager]  [classpath + loader.0] file:/home/diana/.m2/repository/org/parboiled/parboiled-core/1.1.7/parboiled-core-1.1.7.jar
2018-07-12 21:30:46.672+0000 INFO  [o.n.k.i.DiagnosticsManager]  [classpath + loader.0] file:/home/diana/.m2/repository/org/apache/commons/commons-lang3/3.3.2/commons-lang3-3.3.2.jar
2018-07-12 21:30:46.672+0000 INFO  [o.n.k.i.DiagnosticsManager]  [classpath + loader.0] file:/home/diana/.m2/repository/org/neo4j/neo4j-shell/3.1.1/neo4j-shell-3.1.1.jar
2018-07-12 21:30:46.673+0000 INFO  [o.n.k.i.DiagnosticsManager]  [loader.1] file:/opt/javaOrdner/jdk1.8.0_151/jre/lib/ext/dnsns.jar
2018-07-12 21:30:46.673+0000 INFO  [o.n.k.i.DiagnosticsManager]  [classpath + loader.0] file:/home/diana/.m2/repository/org/codehaus/jackson/jackson-mapper-asl/1.9.13/jackson-mapper-asl-1.9.13.jar
2018-07-12 21:30:46.673+0000 INFO  [o.n.k.i.DiagnosticsManager]  [classpath + loader.0] file:/home/diana/.m2/repository/org/bouncycastle/bcprov-jdk15on/1.53/bcprov-jdk15on-1.53.jar
2018-07-12 21:30:46.673+0000 INFO  [o.n.k.i.DiagnosticsManager]  [classpath + loader.0] file:/home/diana/.m2/repository/org/neo4j/neo4j-cypher-frontend-2.3/2.3.8/neo4j-cypher-frontend-2.3-2.3.8.jar
2018-07-12 21:30:46.673+0000 INFO  [o.n.k.i.DiagnosticsManager]  [classpath + loader.0] file:/home/diana/.m2/repository/org/apache/lucene/lucene-backward-codecs/5.5.0/lucene-backward-codecs-5.5.0.jar
2018-07-12 21:30:46.673+0000 INFO  [o.n.k.i.DiagnosticsManager]  [classpath + loader.0] file:/home/diana/.m2/repository/com/github/ben-manes/caffeine/caffeine/2.3.3/caffeine-2.3.3.jar
2018-07-12 21:30:46.673+0000 INFO  [o.n.k.i.DiagnosticsManager]  [classpath + loader.0] file:/home/diana/.m2/repository/commons-configuration/commons-configuration/1.10/commons-configuration-1.10.jar
2018-07-12 21:30:46.673+0000 INFO  [o.n.k.i.DiagnosticsManager]  [classpath + loader.0] file:/home/diana/.m2/repository/jline/jline/2.12/jline-2.12.jar
2018-07-12 21:30:46.673+0000 INFO  [o.n.k.i.DiagnosticsManager]  [loader.1] file:/opt/javaOrdner/jdk1.8.0_151/jre/lib/ext/cldrdata.jar
2018-07-12 21:30:46.673+0000 INFO  [o.n.k.i.DiagnosticsManager]  [classpath + loader.0] file:/home/diana/.m2/repository/commons-io/commons-io/2.4/commons-io-2.4.jar
2018-07-12 21:30:46.674+0000 INFO  [o.n.k.i.DiagnosticsManager]  [classpath + loader.0] file:/home/diana/.m2/repository/javax/servlet/javax.servlet-api/3.1.0/javax.servlet-api-3.1.0.jar
2018-07-12 21:30:46.674+0000 INFO  [o.n.k.i.DiagnosticsManager]  [classpath + loader.0] file:/home/diana/.m2/repository/org/neo4j/neo4j-command-line/3.1.1/neo4j-command-line-3.1.1.jar
2018-07-12 21:30:46.674+0000 INFO  [o.n.k.i.DiagnosticsManager]  [classpath + loader.0] file:/home/diana/.m2/repository/org/neo4j/neo4j-common/3.1.1/neo4j-common-3.1.1.jar
2018-07-12 21:30:46.674+0000 INFO  [o.n.k.i.DiagnosticsManager]  [classpath + loader.0] file:/home/diana/.m2/repository/org/neo4j/neo4j-consistency-check/3.0.0/neo4j-consistency-check-3.0.0.jar
2018-07-12 21:30:46.674+0000 INFO  [o.n.k.i.DiagnosticsManager]  [classpath + loader.0] file:/home/diana/.m2/repository/commons-lang/commons-lang/2.6/commons-lang-2.6.jar
2018-07-12 21:30:46.674+0000 INFO  [o.n.k.i.DiagnosticsManager]  [classpath + loader.0] file:/home/diana/.m2/repository/net/sf/opencsv/opencsv/2.3/opencsv-2.3.jar
2018-07-12 21:30:46.674+0000 INFO  [o.n.k.i.DiagnosticsManager]  [classpath + loader.0] file:/home/diana/.m2/repository/org/eclipse/jetty/jetty-security/9.2.9.v20150224/jetty-security-9.2.9.v20150224.jar
2018-07-12 21:30:46.674+0000 INFO  [o.n.k.i.DiagnosticsManager]  [classpath + loader.0] file:/home/diana/.m2/repository/commons-logging/commons-logging/1.1.1/commons-logging-1.1.1.jar
2018-07-12 21:30:46.674+0000 INFO  [o.n.k.i.DiagnosticsManager]  [classpath + loader.0] file:/home/diana/Dokumente/eclipse/workspace/objectMappingDataNucleusNeo4j/target/classes/
2018-07-12 21:30:46.674+0000 INFO  [o.n.k.i.DiagnosticsManager]  [loader.1] file:/opt/javaOrdner/jdk1.8.0_151/jre/lib/ext/zipfs.jar
2018-07-12 21:30:46.674+0000 INFO  [o.n.k.i.DiagnosticsManager]  [classpath + loader.0] file:/home/diana/.m2/repository/org/neo4j/neo4j-graph-algo/3.0.0/neo4j-graph-algo-3.0.0.jar
2018-07-12 21:30:46.674+0000 INFO  [o.n.k.i.DiagnosticsManager]  [classpath + loader.0] file:/home/diana/.m2/repository/javax/transaction/transaction-api/1.1/transaction-api-1.1.jar
2018-07-12 21:30:46.675+0000 INFO  [o.n.k.i.DiagnosticsManager]  [bootstrap + classpath + loader.0] file:/opt/javaOrdner/jdk1.8.0_151/jre/lib/rt.jar
2018-07-12 21:30:46.675+0000 INFO  [o.n.k.i.DiagnosticsManager]  [classpath + loader.0] file:/home/diana/.m2/repository/io/netty/netty-all/4.1.6.Final/netty-all-4.1.6.Final.jar
2018-07-12 21:30:46.675+0000 INFO  [o.n.k.i.DiagnosticsManager]  [classpath + loader.0] file:/home/diana/.m2/repository/org/neo4j/neo4j-dbms/3.1.1/neo4j-dbms-3.1.1.jar
2018-07-12 21:30:46.675+0000 INFO  [o.n.k.i.DiagnosticsManager]  [classpath + loader.0] file:/home/diana/.m2/repository/org/neo4j/neo4j-lucene-upgrade/3.1.1/neo4j-lucene-upgrade-3.1.1.jar
2018-07-12 21:30:46.675+0000 INFO  [o.n.k.i.DiagnosticsManager]  [classpath + loader.0] file:/home/diana/.m2/repository/org/mozilla/rhino/1.7R4/rhino-1.7R4.jar
2018-07-12 21:30:46.675+0000 INFO  [o.n.k.i.DiagnosticsManager]  [classpath + loader.0] file:/home/diana/.m2/repository/commons-digester/commons-digester/2.1/commons-digester-2.1.jar
2018-07-12 21:30:46.675+0000 INFO  [o.n.k.i.DiagnosticsManager]  [classpath + loader.0] file:/home/diana/.m2/repository/org/apache/lucene/lucene-queryparser/5.5.0/lucene-queryparser-5.5.0.jar
2018-07-12 21:30:46.675+0000 INFO  [o.n.k.i.DiagnosticsManager]  [classpath + loader.0] file:/home/diana/.m2/repository/org/scala-lang/scala-reflect/2.11.8/scala-reflect-2.11.8.jar
2018-07-12 21:30:46.675+0000 INFO  [o.n.k.i.DiagnosticsManager]  [classpath + loader.0] file:/home/diana/.m2/repository/org/neo4j/neo4j-jmx/3.0.0/neo4j-jmx-3.0.0.jar
2018-07-12 21:30:46.675+0000 INFO  [o.n.k.i.DiagnosticsManager]  [classpath + loader.0] file:/home/diana/.m2/repository/org/eclipse/jetty/jetty-io/9.2.9.v20150224/jetty-io-9.2.9.v20150224.jar
2018-07-12 21:30:46.675+0000 INFO  [o.n.k.i.DiagnosticsManager]  [classpath + loader.0] file:/home/diana/.m2/repository/org/eclipse/jetty/jetty-xml/9.2.9.v20150224/jetty-xml-9.2.9.v20150224.jar
2018-07-12 21:30:46.675+0000 INFO  [o.n.k.i.DiagnosticsManager]  [loader.1] file:/opt/javaOrdner/jdk1.8.0_151/jre/lib/ext/jfxrt.jar
2018-07-12 21:30:46.676+0000 INFO  [o.n.k.i.DiagnosticsManager]  [classpath + loader.0] file:/home/diana/.m2/repository/org/neo4j/neo4j-unsafe/3.1.1/neo4j-unsafe-3.1.1.jar
2018-07-12 21:30:46.676+0000 INFO  [o.n.k.i.DiagnosticsManager] Library path:
2018-07-12 21:30:46.676+0000 INFO  [o.n.k.i.DiagnosticsManager] /usr/java/packages/lib/amd64
2018-07-12 21:30:46.676+0000 INFO  [o.n.k.i.DiagnosticsManager] /usr/lib64
2018-07-12 21:30:46.676+0000 INFO  [o.n.k.i.DiagnosticsManager] /lib64
2018-07-12 21:30:46.676+0000 INFO  [o.n.k.i.DiagnosticsManager] /lib
2018-07-12 21:30:46.677+0000 INFO  [o.n.k.i.DiagnosticsManager] /usr/lib
2018-07-12 21:30:46.677+0000 INFO  [o.n.k.i.DiagnosticsManager] System.properties:
2018-07-12 21:30:46.677+0000 INFO  [o.n.k.i.DiagnosticsManager] sun.boot.library.path = /opt/javaOrdner/jdk1.8.0_151/jre/lib/amd64
2018-07-12 21:30:46.677+0000 INFO  [o.n.k.i.DiagnosticsManager] path.separator = :
2018-07-12 21:30:46.677+0000 INFO  [o.n.k.i.DiagnosticsManager] file.encoding.pkg = sun.io
2018-07-12 21:30:46.677+0000 INFO  [o.n.k.i.DiagnosticsManager] user.country = DE
2018-07-12 21:30:46.677+0000 INFO  [o.n.k.i.DiagnosticsManager] sun.java.launcher = SUN_STANDARD
2018-07-12 21:30:46.677+0000 INFO  [o.n.k.i.DiagnosticsManager] sun.os.patch.level = unknown
2018-07-12 21:30:46.677+0000 INFO  [o.n.k.i.DiagnosticsManager] user.dir = /home/diana/Dokumente/eclipse/workspace/objectMappingDataNucleusNeo4j
2018-07-12 21:30:46.677+0000 INFO  [o.n.k.i.DiagnosticsManager] sun.jnu.encoding = UTF-8
2018-07-12 21:30:46.678+0000 INFO  [o.n.k.i.DiagnosticsManager] sun.management.compiler = HotSpot 64-Bit Tiered Compilers
2018-07-12 21:30:46.678+0000 INFO  [o.n.k.i.DiagnosticsManager] user.home = /home/diana
2018-07-12 21:30:46.678+0000 INFO  [o.n.k.i.DiagnosticsManager] user.timezone = Europe/Berlin
2018-07-12 21:30:46.678+0000 INFO  [o.n.k.i.DiagnosticsManager] file.encoding = UTF-8
2018-07-12 21:30:46.678+0000 INFO  [o.n.k.i.DiagnosticsManager] user.name = diana
2018-07-12 21:30:46.678+0000 INFO  [o.n.k.i.DiagnosticsManager] sun.java.command = com.haw_hamburg.de.objectMapping.dataNucleus.Neo4j.helper.Main
2018-07-12 21:30:46.678+0000 INFO  [o.n.k.i.DiagnosticsManager] sun.arch.data.model = 64
2018-07-12 21:30:46.678+0000 INFO  [o.n.k.i.DiagnosticsManager] user.language = de
2018-07-12 21:30:46.678+0000 INFO  [o.n.k.i.DiagnosticsManager] awt.toolkit = sun.awt.X11.XToolkit
2018-07-12 21:30:46.678+0000 INFO  [o.n.k.i.DiagnosticsManager] file.separator = /
2018-07-12 21:30:46.678+0000 INFO  [o.n.k.i.DiagnosticsManager] sun.io.unicode.encoding = UnicodeLittle
2018-07-12 21:30:46.679+0000 INFO  [o.n.k.i.DiagnosticsManager] sun.cpu.endian = little
2018-07-12 21:30:46.679+0000 INFO  [o.n.k.i.DiagnosticsManager] sun.desktop = gnome
2018-07-12 21:30:46.679+0000 INFO  [o.n.k.i.DiagnosticsManager] sun.cpu.isalist = 
2018-07-12 21:30:46.679+0000 INFO  [o.n.k.i.DiagnosticsManager] Linux scheduler information:
2018-07-12 21:30:46.692+0000 INFO  [o.n.k.i.DiagnosticsManager] [none] 
2018-07-12 21:30:46.693+0000 INFO  [o.n.k.i.DiagnosticsManager] noop deadline [cfq] 
2018-07-12 21:30:46.693+0000 INFO  [o.n.k.i.DiagnosticsManager] [none] 
2018-07-12 21:30:46.693+0000 INFO  [o.n.k.i.DiagnosticsManager] [none] 
2018-07-12 21:30:46.694+0000 INFO  [o.n.k.i.DiagnosticsManager] noop deadline [cfq] 
2018-07-12 21:30:46.694+0000 INFO  [o.n.k.i.DiagnosticsManager] [none] 
2018-07-12 21:30:46.694+0000 INFO  [o.n.k.i.DiagnosticsManager] [none] 
2018-07-12 21:30:46.695+0000 INFO  [o.n.k.i.DiagnosticsManager] noop deadline [cfq] 
2018-07-12 21:30:46.695+0000 INFO  [o.n.k.i.DiagnosticsManager] [none] 
2018-07-12 21:30:46.695+0000 INFO  [o.n.k.i.DiagnosticsManager] [none] 
2018-07-12 21:30:46.696+0000 INFO  [o.n.k.i.DiagnosticsManager] [none] 
2018-07-12 21:30:46.696+0000 INFO  [o.n.k.i.DiagnosticsManager] Network information:
2018-07-12 21:30:46.698+0000 INFO  [o.n.k.i.DiagnosticsManager] Interface wlp3s0:
2018-07-12 21:30:46.698+0000 INFO  [o.n.k.i.DiagnosticsManager]     address: 2a02:2028:808:ea01:1145:f91c:83fc:f95f%wlp3s0
2018-07-12 21:30:46.698+0000 INFO  [o.n.k.i.DiagnosticsManager]     address: 2a02:2028:521:101:1145:f91c:83fc:f95f%wlp3s0
2018-07-12 21:30:46.699+0000 INFO  [o.n.k.i.DiagnosticsManager]     address: fe80:0:0:0:5e43:e794:902a:cbd%wlp3s0
2018-07-12 21:30:46.699+0000 INFO  [o.n.k.i.DiagnosticsManager]     address: fd00:0:0:0:b19a:1b89:8f6b:d32a%wlp3s0
2018-07-12 21:30:46.699+0000 INFO  [o.n.k.i.DiagnosticsManager]     address: 2a02:2028:521:101:b1a9:8405:bbd4:eb88%wlp3s0
2018-07-12 21:30:46.699+0000 INFO  [o.n.k.i.DiagnosticsManager]     address: 192.168.178.36
2018-07-12 21:30:46.699+0000 INFO  [o.n.k.i.DiagnosticsManager] Interface lo:
2018-07-12 21:30:46.699+0000 INFO  [o.n.k.i.DiagnosticsManager]     address: 0:0:0:0:0:0:0:1%lo
2018-07-12 21:30:46.699+0000 INFO  [o.n.k.i.DiagnosticsManager]     address: 127.0.0.1
2018-07-12 21:30:46.699+0000 INFO  [o.n.k.i.DiagnosticsManager] --- INITIALIZED diagnostics END ---
2018-07-12 21:30:46.883+0000 INFO  [o.n.k.i.s.f.RecordFormatSelector] Selected format 'RecordFormat:StandardV3_0[v0.A.7]' for the new store
2018-07-12 21:30:48.457+0000 INFO  [o.n.k.a.i.l.LuceneLabelScanStore] No lucene scan store index found, this might just be first use. Preparing to rebuild.
2018-07-12 21:30:48.727+0000 INFO  [o.n.k.NeoStoreDataSource] Opened logical log [/home/diana/Dokumente/eclipse/workspace/objectMappingDataNucleusNeo4j/localhost:7474/neostore.transaction.db.0] version=0, lastTxId=1 (clean)
2018-07-12 21:30:48.736+0000 WARN  [o.n.k.i.s.MetaDataStore] Missing counts store, rebuilding it.
2018-07-12 21:30:48.827+0000 INFO  [o.n.k.a.i.l.LuceneLabelScanStore] Rebuilding lucene scan store, this may take a while
2018-07-12 21:30:48.837+0000 INFO  [o.n.k.a.i.l.LuceneLabelScanStore] Lucene scan store rebuilt (roughly 0 nodes)
2018-07-12 21:30:48.840+0000 INFO  [o.n.k.i.DatabaseHealth] Database health set to OK
2018-07-12 21:30:49.259+0000 INFO  [o.n.k.AvailabilityGuard] Fulfilling of requirement makes database available: Database available
2018-07-12 21:30:49.260+0000 INFO  [o.n.k.i.f.GraphDatabaseFacadeFactory] Database is now ready
2018-07-12 21:30:49.262+0000 INFO  [o.n.k.i.DiagnosticsManager] --- STARTED diagnostics for KernelDiagnostics:Versions START ---
2018-07-12 21:30:49.263+0000 INFO  [o.n.k.i.DiagnosticsManager] Graph Database: community single StoreId{creationTime=1531431048256, randomId=-4878937392424326117, storeVersion=15531981201765894, upgradeTime=1531431048256, upgradeId=1}
2018-07-12 21:30:49.263+0000 INFO  [o.n.k.i.DiagnosticsManager] Kernel version: 3.1.1,89b7bf20d72f757945f8c32988e4e4c1c83ce013
2018-07-12 21:30:49.263+0000 INFO  [o.n.k.i.DiagnosticsManager] --- STARTED diagnostics for KernelDiagnostics:Versions END ---
2018-07-12 21:30:49.266+0000 INFO  [o.n.k.i.DiagnosticsManager] --- STARTED diagnostics for NEO_STORE_VERSIONS START ---
2018-07-12 21:30:49.266+0000 INFO  [o.n.k.i.DiagnosticsManager] Store versions:
2018-07-12 21:30:49.266+0000 INFO  [o.n.k.i.DiagnosticsManager] Store versions:
2018-07-12 21:30:49.266+0000 INFO  [o.n.k.i.DiagnosticsManager]   ArrayPropertyStore v0.A.7
2018-07-12 21:30:49.266+0000 INFO  [o.n.k.i.DiagnosticsManager]   NodeStore v0.A.7
2018-07-12 21:30:49.266+0000 INFO  [o.n.k.i.DiagnosticsManager]   StringPropertyStore v0.A.7
2018-07-12 21:30:49.266+0000 INFO  [o.n.k.i.DiagnosticsManager]   PropertyIndexStore v0.A.7
2018-07-12 21:30:49.267+0000 INFO  [o.n.k.i.DiagnosticsManager]   StringPropertyStore v0.A.7
2018-07-12 21:30:49.267+0000 INFO  [o.n.k.i.DiagnosticsManager]   ArrayPropertyStore v0.A.7
2018-07-12 21:30:49.267+0000 INFO  [o.n.k.i.DiagnosticsManager]   PropertyStore v0.A.7
2018-07-12 21:30:49.267+0000 INFO  [o.n.k.i.DiagnosticsManager]   RelationshipStore v0.A.7
2018-07-12 21:30:49.267+0000 INFO  [o.n.k.i.DiagnosticsManager]   StringPropertyStore v0.A.7
2018-07-12 21:30:49.267+0000 INFO  [o.n.k.i.DiagnosticsManager]   RelationshipTypeStore v0.A.7
2018-07-12 21:30:49.267+0000 INFO  [o.n.k.i.DiagnosticsManager]   StringPropertyStore v0.A.7
2018-07-12 21:30:49.267+0000 INFO  [o.n.k.i.DiagnosticsManager]   LabelTokenStore v0.A.7
2018-07-12 21:30:49.267+0000 INFO  [o.n.k.i.DiagnosticsManager]   SchemaStore v0.A.7
2018-07-12 21:30:49.267+0000 INFO  [o.n.k.i.DiagnosticsManager]   RelationshipGroupStore v0.A.7
2018-07-12 21:30:49.267+0000 INFO  [o.n.k.i.DiagnosticsManager]   NeoStore v0.A.7
2018-07-12 21:30:49.267+0000 INFO  [o.n.k.i.DiagnosticsManager] --- STARTED diagnostics for NEO_STORE_VERSIONS END ---
2018-07-12 21:30:49.268+0000 INFO  [o.n.k.i.DiagnosticsManager] --- STARTED diagnostics for NEO_STORE_ID_USAGE START ---
2018-07-12 21:30:49.268+0000 INFO  [o.n.k.i.DiagnosticsManager] Id usage:
2018-07-12 21:30:49.268+0000 INFO  [o.n.k.i.DiagnosticsManager] Id usage:
2018-07-12 21:30:49.268+0000 INFO  [o.n.k.i.DiagnosticsManager]   ArrayPropertyStore: used=1 high=0
2018-07-12 21:30:49.268+0000 INFO  [o.n.k.i.DiagnosticsManager]   NodeStore: used=0 high=-1
2018-07-12 21:30:49.268+0000 INFO  [o.n.k.i.DiagnosticsManager]   StringPropertyStore: used=1 high=0
2018-07-12 21:30:49.268+0000 INFO  [o.n.k.i.DiagnosticsManager]   PropertyIndexStore: used=0 high=-1
2018-07-12 21:30:49.269+0000 INFO  [o.n.k.i.DiagnosticsManager]   StringPropertyStore: used=1 high=0
2018-07-12 21:30:49.269+0000 INFO  [o.n.k.i.DiagnosticsManager]   ArrayPropertyStore: used=1 high=0
2018-07-12 21:30:49.269+0000 INFO  [o.n.k.i.DiagnosticsManager]   PropertyStore: used=0 high=-1
2018-07-12 21:30:49.269+0000 INFO  [o.n.k.i.DiagnosticsManager]   RelationshipStore: used=0 high=-1
2018-07-12 21:30:49.269+0000 INFO  [o.n.k.i.DiagnosticsManager]   StringPropertyStore: used=1 high=0
2018-07-12 21:30:49.269+0000 INFO  [o.n.k.i.DiagnosticsManager]   RelationshipTypeStore: used=0 high=-1
2018-07-12 21:30:49.269+0000 INFO  [o.n.k.i.DiagnosticsManager]   StringPropertyStore: used=1 high=0
2018-07-12 21:30:49.270+0000 INFO  [o.n.k.i.DiagnosticsManager]   LabelTokenStore: used=0 high=-1
2018-07-12 21:30:49.270+0000 INFO  [o.n.k.i.DiagnosticsManager]   SchemaStore: used=1 high=0
2018-07-12 21:30:49.270+0000 INFO  [o.n.k.i.DiagnosticsManager]   RelationshipGroupStore: used=1 high=0
2018-07-12 21:30:49.270+0000 INFO  [o.n.k.i.DiagnosticsManager]   NeoStore: used=15 high=14
2018-07-12 21:30:49.270+0000 INFO  [o.n.k.i.DiagnosticsManager] --- STARTED diagnostics for NEO_STORE_ID_USAGE END ---
2018-07-12 21:30:49.270+0000 INFO  [o.n.k.i.DiagnosticsManager] --- STARTED diagnostics for NEO_STORE_RECORDS START ---
2018-07-12 21:30:49.270+0000 INFO  [o.n.k.i.DiagnosticsManager] Neostore records:
2018-07-12 21:30:49.272+0000 INFO  [o.n.k.i.DiagnosticsManager] TIME (Creation time): 1531431048256
2018-07-12 21:30:49.272+0000 INFO  [o.n.k.i.DiagnosticsManager] RANDOM_NUMBER (Random number for store id): -4878937392424326117
2018-07-12 21:30:49.272+0000 INFO  [o.n.k.i.DiagnosticsManager] LOG_VERSION (Current log version): 0
2018-07-12 21:30:49.272+0000 INFO  [o.n.k.i.DiagnosticsManager] LAST_TRANSACTION_ID (Last committed transaction): 1
2018-07-12 21:30:49.272+0000 INFO  [o.n.k.i.DiagnosticsManager] STORE_VERSION (Store format version): 15531981201765894
2018-07-12 21:30:49.272+0000 INFO  [o.n.k.i.DiagnosticsManager] FIRST_GRAPH_PROPERTY (First property record containing graph properties): -1
2018-07-12 21:30:49.272+0000 INFO  [o.n.k.i.DiagnosticsManager] LAST_CONSTRAINT_TRANSACTION (Last committed transaction containing constraint changes): 0
2018-07-12 21:30:49.273+0000 INFO  [o.n.k.i.DiagnosticsManager] UPGRADE_TRANSACTION_ID (Transaction id most recent upgrade was performed at): 1
2018-07-12 21:30:49.273+0000 INFO  [o.n.k.i.DiagnosticsManager] UPGRADE_TIME (Time of last upgrade): 1531431048256
2018-07-12 21:30:49.273+0000 INFO  [o.n.k.i.DiagnosticsManager] LAST_TRANSACTION_CHECKSUM (Checksum of last committed transaction): 0
2018-07-12 21:30:49.273+0000 INFO  [o.n.k.i.DiagnosticsManager] UPGRADE_TRANSACTION_CHECKSUM (Checksum of transaction id the most recent upgrade was performed at): 0
2018-07-12 21:30:49.273+0000 INFO  [o.n.k.i.DiagnosticsManager] LAST_CLOSED_TRANSACTION_LOG_VERSION (Log version where the last transaction commit entry has been written into): 0
2018-07-12 21:30:49.273+0000 INFO  [o.n.k.i.DiagnosticsManager] LAST_CLOSED_TRANSACTION_LOG_BYTE_OFFSET (Byte offset in the log file where the last transaction commit entry has been written into): 16
2018-07-12 21:30:49.273+0000 INFO  [o.n.k.i.DiagnosticsManager] LAST_TRANSACTION_COMMIT_TIMESTAMP (Commit time timestamp for last committed transaction): 0
2018-07-12 21:30:49.273+0000 INFO  [o.n.k.i.DiagnosticsManager] UPGRADE_TRANSACTION_COMMIT_TIMESTAMP (Commit timestamp of transaction the most recent upgrade was performed at): 0
2018-07-12 21:30:49.273+0000 INFO  [o.n.k.i.DiagnosticsManager] --- STARTED diagnostics for NEO_STORE_RECORDS END ---
2018-07-12 21:30:49.275+0000 INFO  [o.n.k.i.DiagnosticsManager] --- STARTED diagnostics for TRANSACTION_RANGE START ---
2018-07-12 21:30:49.275+0000 INFO  [o.n.k.i.DiagnosticsManager] Transaction log:
2018-07-12 21:30:49.276+0000 INFO  [o.n.k.i.DiagnosticsManager] No transactions found in any log
2018-07-12 21:30:49.276+0000 INFO  [o.n.k.i.DiagnosticsManager] --- STARTED diagnostics for TRANSACTION_RANGE END ---
2018-07-12 21:30:49.277+0000 INFO  [o.n.k.i.DiagnosticsManager] --- STARTED diagnostics for KernelDiagnostics:StoreFiles START ---
2018-07-12 21:30:49.277+0000 INFO  [o.n.k.i.DiagnosticsManager] Disk space on partition (Total / Free / Free %): 488335474688 / 447663394816 / 91
Storage files: (filename : modification date - size)
2018-07-12 21:30:49.279+0000 INFO  [o.n.k.i.DiagnosticsManager]   index:
2018-07-12 21:30:49.279+0000 INFO  [o.n.k.i.DiagnosticsManager]   - Total: 2018-07-12T23:30:48+0200 - 0,00 B
2018-07-12 21:30:49.279+0000 INFO  [o.n.k.i.DiagnosticsManager]   logs:
2018-07-12 21:30:49.280+0000 INFO  [o.n.k.i.DiagnosticsManager]     debug.log: 2018-07-12T23:30:49+0200 - 36,65 kB
2018-07-12 21:30:49.280+0000 INFO  [o.n.k.i.DiagnosticsManager]   - Total: 2018-07-12T23:30:46+0200 - 36,65 kB
2018-07-12 21:30:49.280+0000 INFO  [o.n.k.i.DiagnosticsManager]   neostore: 2018-07-12T23:30:48+0200 - 8,00 kB
2018-07-12 21:30:49.281+0000 INFO  [o.n.k.i.DiagnosticsManager]   neostore.counts.db.a: 2018-07-12T23:30:48+0200 - 96,00 B
2018-07-12 21:30:49.281+0000 INFO  [o.n.k.i.DiagnosticsManager]   neostore.id: 2018-07-12T23:30:48+0200 - 9,00 B
2018-07-12 21:30:49.281+0000 INFO  [o.n.k.i.DiagnosticsManager]   neostore.labeltokenstore.db: 2018-07-12T23:30:47+0200 - 0,00 B
2018-07-12 21:30:49.281+0000 INFO  [o.n.k.i.DiagnosticsManager]   neostore.labeltokenstore.db.id: 2018-07-12T23:30:47+0200 - 9,00 B
2018-07-12 21:30:49.282+0000 INFO  [o.n.k.i.DiagnosticsManager]   neostore.labeltokenstore.db.names: 2018-07-12T23:30:47+0200 - 8,00 kB
2018-07-12 21:30:49.282+0000 INFO  [o.n.k.i.DiagnosticsManager]   neostore.labeltokenstore.db.names.id: 2018-07-12T23:30:47+0200 - 9,00 B
2018-07-12 21:30:49.282+0000 INFO  [o.n.k.i.DiagnosticsManager]   neostore.nodestore.db: 2018-07-12T23:30:47+0200 - 0,00 B
2018-07-12 21:30:49.283+0000 INFO  [o.n.k.i.DiagnosticsManager]   neostore.nodestore.db.id: 2018-07-12T23:30:47+0200 - 9,00 B
2018-07-12 21:30:49.283+0000 INFO  [o.n.k.i.DiagnosticsManager]   neostore.nodestore.db.labels: 2018-07-12T23:30:47+0200 - 8,00 kB
2018-07-12 21:30:49.283+0000 INFO  [o.n.k.i.DiagnosticsManager]   neostore.nodestore.db.labels.id: 2018-07-12T23:30:47+0200 - 9,00 B
2018-07-12 21:30:49.283+0000 INFO  [o.n.k.i.DiagnosticsManager]   neostore.propertystore.db: 2018-07-12T23:30:47+0200 - 0,00 B
2018-07-12 21:30:49.284+0000 INFO  [o.n.k.i.DiagnosticsManager]   neostore.propertystore.db.arrays: 2018-07-12T23:30:47+0200 - 8,00 kB
2018-07-12 21:30:49.284+0000 INFO  [o.n.k.i.DiagnosticsManager]   neostore.propertystore.db.arrays.id: 2018-07-12T23:30:47+0200 - 9,00 B
2018-07-12 21:30:49.285+0000 INFO  [o.n.k.i.DiagnosticsManager]   neostore.propertystore.db.id: 2018-07-12T23:30:47+0200 - 9,00 B
2018-07-12 21:30:49.285+0000 INFO  [o.n.k.i.DiagnosticsManager]   neostore.propertystore.db.index: 2018-07-12T23:30:47+0200 - 0,00 B
2018-07-12 21:30:49.285+0000 INFO  [o.n.k.i.DiagnosticsManager]   neostore.propertystore.db.index.id: 2018-07-12T23:30:47+0200 - 9,00 B
2018-07-12 21:30:49.285+0000 INFO  [o.n.k.i.DiagnosticsManager]   neostore.propertystore.db.index.keys: 2018-07-12T23:30:47+0200 - 8,00 kB
2018-07-12 21:30:49.286+0000 INFO  [o.n.k.i.DiagnosticsManager]   neostore.propertystore.db.index.keys.id: 2018-07-12T23:30:47+0200 - 9,00 B
2018-07-12 21:30:49.286+0000 INFO  [o.n.k.i.DiagnosticsManager]   neostore.propertystore.db.strings: 2018-07-12T23:30:47+0200 - 8,00 kB
2018-07-12 21:30:49.286+0000 INFO  [o.n.k.i.DiagnosticsManager]   neostore.propertystore.db.strings.id: 2018-07-12T23:30:47+0200 - 9,00 B
2018-07-12 21:30:49.287+0000 INFO  [o.n.k.i.DiagnosticsManager]   neostore.relationshipgroupstore.db: 2018-07-12T23:30:48+0200 - 8,00 kB
2018-07-12 21:30:49.287+0000 INFO  [o.n.k.i.DiagnosticsManager]   neostore.relationshipgroupstore.db.id: 2018-07-12T23:30:48+0200 - 9,00 B
2018-07-12 21:30:49.287+0000 INFO  [o.n.k.i.DiagnosticsManager]   neostore.relationshipstore.db: 2018-07-12T23:30:47+0200 - 0,00 B
2018-07-12 21:30:49.287+0000 INFO  [o.n.k.i.DiagnosticsManager]   neostore.relationshipstore.db.id: 2018-07-12T23:30:47+0200 - 9,00 B
2018-07-12 21:30:49.288+0000 INFO  [o.n.k.i.DiagnosticsManager]   neostore.relationshiptypestore.db: 2018-07-12T23:30:47+0200 - 0,00 B
2018-07-12 21:30:49.288+0000 INFO  [o.n.k.i.DiagnosticsManager]   neostore.relationshiptypestore.db.id: 2018-07-12T23:30:47+0200 - 9,00 B
2018-07-12 21:30:49.288+0000 INFO  [o.n.k.i.DiagnosticsManager]   neostore.relationshiptypestore.db.names: 2018-07-12T23:30:47+0200 - 8,00 kB
2018-07-12 21:30:49.289+0000 INFO  [o.n.k.i.DiagnosticsManager]   neostore.relationshiptypestore.db.names.id: 2018-07-12T23:30:47+0200 - 9,00 B
2018-07-12 21:30:49.289+0000 INFO  [o.n.k.i.DiagnosticsManager]   neostore.schemastore.db: 2018-07-12T23:30:48+0200 - 8,00 kB
2018-07-12 21:30:49.289+0000 INFO  [o.n.k.i.DiagnosticsManager]   neostore.schemastore.db.id: 2018-07-12T23:30:48+0200 - 9,00 B
2018-07-12 21:30:49.289+0000 INFO  [o.n.k.i.DiagnosticsManager]   neostore.transaction.db.0: 2018-07-12T23:30:48+0200 - 16,00 B
2018-07-12 21:30:49.289+0000 INFO  [o.n.k.i.DiagnosticsManager]   schema:
2018-07-12 21:30:49.290+0000 INFO  [o.n.k.i.DiagnosticsManager]     label:
2018-07-12 21:30:49.290+0000 INFO  [o.n.k.i.DiagnosticsManager]       lucene:
2018-07-12 21:30:49.290+0000 INFO  [o.n.k.i.DiagnosticsManager]         labelStore:
2018-07-12 21:30:49.290+0000 INFO  [o.n.k.i.DiagnosticsManager]           1:
2018-07-12 21:30:49.290+0000 INFO  [o.n.k.i.DiagnosticsManager]             write.lock: 2018-07-12T23:30:48+0200 - 0,00 B
2018-07-12 21:30:49.291+0000 INFO  [o.n.k.i.DiagnosticsManager]           - Total: 2018-07-12T23:30:48+0200 - 0,00 B
2018-07-12 21:30:49.291+0000 INFO  [o.n.k.i.DiagnosticsManager]           failure-message: 2018-07-12T23:30:48+0200 - 16,00 kB
2018-07-12 21:30:49.291+0000 INFO  [o.n.k.i.DiagnosticsManager]         - Total: 2018-07-12T23:30:48+0200 - 16,00 kB
2018-07-12 21:30:49.292+0000 INFO  [o.n.k.i.DiagnosticsManager]       - Total: 2018-07-12T23:30:48+0200 - 16,00 kB
2018-07-12 21:30:49.292+0000 INFO  [o.n.k.i.DiagnosticsManager]     - Total: 2018-07-12T23:30:48+0200 - 16,00 kB
2018-07-12 21:30:49.292+0000 INFO  [o.n.k.i.DiagnosticsManager]   - Total: 2018-07-12T23:30:48+0200 - 16,00 kB
2018-07-12 21:30:49.292+0000 INFO  [o.n.k.i.DiagnosticsManager]   store_lock: 2018-07-12T23:30:46+0200 - 0,00 B
2018-07-12 21:30:49.292+0000 INFO  [o.n.k.i.DiagnosticsManager] --- STARTED diagnostics for KernelDiagnostics:StoreFiles END ---
2018-07-12 21:30:52.974+0000 INFO  [o.n.k.i.f.GraphDatabaseFacadeFactory] Shutdown started
2018-07-12 21:30:52.975+0000 INFO  [o.n.k.i.f.GraphDatabaseFacadeFactory] Database is now unavailable
2018-07-12 21:30:52.976+0000 INFO  [o.n.k.i.t.l.c.CheckPointerImpl] Check Pointing triggered by database shutdown [13]:  Starting check pointing...
2018-07-12 21:30:52.976+0000 INFO  [o.n.k.i.t.l.c.CheckPointerImpl] Check Pointing triggered by database shutdown [13]:  Starting store flush...
2018-07-12 21:30:53.351+0000 INFO  [o.n.k.i.s.c.CountsTracker] About to rotate counts store at transaction 13 to [/home/diana/Dokumente/eclipse/workspace/objectMappingDataNucleusNeo4j/localhost:7474/neostore.counts.db.b], from [/home/diana/Dokumente/eclipse/workspace/objectMappingDataNucleusNeo4j/localhost:7474/neostore.counts.db.a].
2018-07-12 21:30:53.352+0000 INFO  [o.n.k.i.s.c.CountsTracker] Successfully rotated counts store at transaction 13 to [/home/diana/Dokumente/eclipse/workspace/objectMappingDataNucleusNeo4j/localhost:7474/neostore.counts.db.b], from [/home/diana/Dokumente/eclipse/workspace/objectMappingDataNucleusNeo4j/localhost:7474/neostore.counts.db.a].
2018-07-12 21:30:53.802+0000 INFO  [o.n.k.i.t.l.c.CheckPointerImpl] Check Pointing triggered by database shutdown [13]:  Store flush completed
2018-07-12 21:30:53.802+0000 INFO  [o.n.k.i.t.l.c.CheckPointerImpl] Check Pointing triggered by database shutdown [13]:  Starting appending check point entry into the tx log...
2018-07-12 21:30:53.852+0000 INFO  [o.n.k.i.t.l.c.CheckPointerImpl] Check Pointing triggered by database shutdown [13]:  Appending check point entry into the tx log completed
2018-07-12 21:30:53.852+0000 INFO  [o.n.k.i.t.l.c.CheckPointerImpl] Check Pointing triggered by database shutdown [13]:  Check pointing completed
2018-07-12 21:30:53.853+0000 INFO  [o.n.k.i.t.l.p.LogPruningImpl] Log Rotation [0]:  Starting log pruning.
2018-07-12 21:30:53.853+0000 INFO  [o.n.k.i.t.l.p.LogPruningImpl] Log Rotation [0]:  Log pruning complete.
2018-07-12 21:30:54.149+0000 INFO  [o.n.k.i.DiagnosticsManager] --- STOPPING diagnostics START ---
2018-07-12 21:30:54.149+0000 INFO  [o.n.k.i.DiagnosticsManager] --- STOPPING diagnostics END ---
2018-07-12 21:36:09.812+0000 WARN  [o.n.i.p.PageCache] The dbms.memory.pagecache.size setting has not been configured. It is recommended that this setting is always explicitly configured, to ensure the system has a balanced configuration. Until then, a computed heuristic value of 1437288448 bytes will be used instead. 
2018-07-12 21:36:09.865+0000 INFO  [o.n.k.i.f.CommunityEditionModule] No locking implementation specified, defaulting to 'community'
2018-07-12 21:36:09.987+0000 INFO  [o.n.k.AvailabilityGuard] Requirement makes database unavailable: Database available
2018-07-12 21:36:10.009+0000 INFO  [o.n.k.i.DiagnosticsManager] --- INITIALIZED diagnostics START ---
2018-07-12 21:36:10.009+0000 INFO  [o.n.k.i.DiagnosticsManager] Neo4j Kernel properties:
2018-07-12 21:36:10.009+0000 INFO  [o.n.k.i.DiagnosticsManager] unsupported.dbms.edition=community
2018-07-12 21:36:10.009+0000 INFO  [o.n.k.i.DiagnosticsManager] unsupported.dbms.directories.neo4j_home=/home/diana/Dokumente/eclipse/workspace/objectMappingDataNucleusNeo4j/localhost:7474
2018-07-12 21:36:10.010+0000 INFO  [o.n.k.i.DiagnosticsManager] unsupported.dbms.ephemeral=false
2018-07-12 21:36:10.010+0000 INFO  [o.n.k.i.DiagnosticsManager] Diagnostics providers:
2018-07-12 21:36:10.010+0000 INFO  [o.n.k.i.DiagnosticsManager] org.neo4j.kernel.configuration.Config
2018-07-12 21:36:10.010+0000 INFO  [o.n.k.i.DiagnosticsManager] org.neo4j.kernel.info.DiagnosticsManager
2018-07-12 21:36:10.010+0000 INFO  [o.n.k.i.DiagnosticsManager] SYSTEM_MEMORY
2018-07-12 21:36:10.010+0000 INFO  [o.n.k.i.DiagnosticsManager] JAVA_MEMORY
2018-07-12 21:36:10.010+0000 INFO  [o.n.k.i.DiagnosticsManager] OPERATING_SYSTEM
2018-07-12 21:36:10.010+0000 INFO  [o.n.k.i.DiagnosticsManager] JAVA_VIRTUAL_MACHINE
2018-07-12 21:36:10.010+0000 INFO  [o.n.k.i.DiagnosticsManager] CLASSPATH
2018-07-12 21:36:10.010+0000 INFO  [o.n.k.i.DiagnosticsManager] LIBRARY_PATH
2018-07-12 21:36:10.010+0000 INFO  [o.n.k.i.DiagnosticsManager] SYSTEM_PROPERTIES
2018-07-12 21:36:10.011+0000 INFO  [o.n.k.i.DiagnosticsManager] LINUX_SCHEDULERS
2018-07-12 21:36:10.011+0000 INFO  [o.n.k.i.DiagnosticsManager] NETWORK
2018-07-12 21:36:10.011+0000 INFO  [o.n.k.i.DiagnosticsManager] System memory information:
2018-07-12 21:36:10.012+0000 INFO  [o.n.k.i.DiagnosticsManager] Total Physical memory: 3,44 GB
2018-07-12 21:36:10.013+0000 INFO  [o.n.k.i.DiagnosticsManager] Free Physical memory: 131,28 MB
2018-07-12 21:36:10.013+0000 INFO  [o.n.k.i.DiagnosticsManager] Committed virtual memory: 3,16 GB
2018-07-12 21:36:10.013+0000 INFO  [o.n.k.i.DiagnosticsManager] Total swap space: 3,58 GB
2018-07-12 21:36:10.013+0000 INFO  [o.n.k.i.DiagnosticsManager] Free swap space: 2,65 GB
2018-07-12 21:36:10.013+0000 INFO  [o.n.k.i.DiagnosticsManager] JVM memory information:
2018-07-12 21:36:10.014+0000 INFO  [o.n.k.i.DiagnosticsManager] Free  memory: 34,79 MB
2018-07-12 21:36:10.014+0000 INFO  [o.n.k.i.DiagnosticsManager] Total memory: 68,50 MB
2018-07-12 21:36:10.014+0000 INFO  [o.n.k.i.DiagnosticsManager] Max   memory: 784,00 MB
2018-07-12 21:36:10.015+0000 INFO  [o.n.k.i.DiagnosticsManager] Garbage Collector: PS Scavenge: [PS Eden Space, PS Survivor Space]
2018-07-12 21:36:10.015+0000 INFO  [o.n.k.i.DiagnosticsManager] Garbage Collector: PS MarkSweep: [PS Eden Space, PS Survivor Space, PS Old Gen]
2018-07-12 21:36:10.016+0000 INFO  [o.n.k.i.DiagnosticsManager] Memory Pool: Code Cache (Non-heap memory): committed=3,94 MB, used=3,87 MB, max=240,00 MB, threshold=0,00 B
2018-07-12 21:36:10.017+0000 INFO  [o.n.k.i.DiagnosticsManager] Memory Pool: Metaspace (Non-heap memory): committed=14,88 MB, used=14,21 MB, max=-1,00 B, threshold=0,00 B
2018-07-12 21:36:10.017+0000 INFO  [o.n.k.i.DiagnosticsManager] Memory Pool: Compressed Class Space (Non-heap memory): committed=1,88 MB, used=1,74 MB, max=1,00 GB, threshold=0,00 B
2018-07-12 21:36:10.018+0000 INFO  [o.n.k.i.DiagnosticsManager] Memory Pool: PS Eden Space (Heap memory): committed=29,00 MB, used=27,54 MB, max=290,00 MB, threshold=?
2018-07-12 21:36:10.018+0000 INFO  [o.n.k.i.DiagnosticsManager] Memory Pool: PS Survivor Space (Heap memory): committed=2,00 MB, used=2,00 MB, max=2,00 MB, threshold=?
2018-07-12 21:36:10.018+0000 INFO  [o.n.k.i.DiagnosticsManager] Memory Pool: PS Old Gen (Heap memory): committed=37,50 MB, used=4,17 MB, max=588,00 MB, threshold=0,00 B
2018-07-12 21:36:10.018+0000 INFO  [o.n.k.i.DiagnosticsManager] Operating system information:
2018-07-12 21:36:10.019+0000 INFO  [o.n.k.i.DiagnosticsManager] Operating System: Linux; version: 4.13.0-45-generic; arch: amd64; cpus: 4
2018-07-12 21:36:10.019+0000 INFO  [o.n.k.i.DiagnosticsManager] Max number of file descriptors: 1048576
2018-07-12 21:36:10.019+0000 INFO  [o.n.k.i.DiagnosticsManager] Number of open file descriptors: 103
2018-07-12 21:36:10.019+0000 INFO  [o.n.k.i.DiagnosticsManager] Process id: 17829@diana-ThinkPad-Edge-E530
2018-07-12 21:36:10.019+0000 INFO  [o.n.k.i.DiagnosticsManager] Byte order: LITTLE_ENDIAN
2018-07-12 21:36:10.020+0000 INFO  [o.n.k.i.DiagnosticsManager] Local timezone: Europe/Berlin
2018-07-12 21:36:10.020+0000 INFO  [o.n.k.i.DiagnosticsManager] JVM information:
2018-07-12 21:36:10.020+0000 INFO  [o.n.k.i.DiagnosticsManager] VM Name: Java HotSpot(TM) 64-Bit Server VM
2018-07-12 21:36:10.020+0000 INFO  [o.n.k.i.DiagnosticsManager] VM Vendor: Oracle Corporation
2018-07-12 21:36:10.020+0000 INFO  [o.n.k.i.DiagnosticsManager] VM Version: 25.151-b12
2018-07-12 21:36:10.020+0000 INFO  [o.n.k.i.DiagnosticsManager] JIT compiler: HotSpot 64-Bit Tiered Compilers
2018-07-12 21:36:10.020+0000 INFO  [o.n.k.i.DiagnosticsManager] VM Arguments: [-Dfile.encoding=UTF-8]
2018-07-12 21:36:10.021+0000 INFO  [o.n.k.i.DiagnosticsManager] Java classpath:
2018-07-12 21:36:10.023+0000 INFO  [o.n.k.i.DiagnosticsManager]  [classpath + loader.0] file:/home/diana/.m2/repository/org/neo4j/neo4j/3.0.0/neo4j-3.0.0.jar
2018-07-12 21:36:10.023+0000 INFO  [o.n.k.i.DiagnosticsManager]  [classpath + loader.0] file:/home/diana/.m2/repository/org/apache/lucene/lucene-codecs/5.5.0/lucene-codecs-5.5.0.jar
2018-07-12 21:36:10.023+0000 INFO  [o.n.k.i.DiagnosticsManager]  [classpath + loader.0] file:/home/diana/.m2/repository/org/neo4j/neo4j-primitive-collections/3.1.1/neo4j-primitive-collections-3.1.1.jar
2018-07-12 21:36:10.023+0000 INFO  [o.n.k.i.DiagnosticsManager]  [loader.1] file:/opt/javaOrdner/jdk1.8.0_151/jre/lib/ext/jaccess.jar
2018-07-12 21:36:10.024+0000 INFO  [o.n.k.i.DiagnosticsManager]  [classpath + loader.0] file:/home/diana/.m2/repository/org/neo4j/neo4j-graphdb-api/3.1.1/neo4j-graphdb-api-3.1.1.jar
2018-07-12 21:36:10.024+0000 INFO  [o.n.k.i.DiagnosticsManager]  [classpath + loader.0] file:/home/diana/.m2/repository/com/googlecode/concurrentlinkedhashmap/concurrentlinkedhashmap-lru/1.4.2/concurrentlinkedhashmap-lru-1.4.2.jar
2018-07-12 21:36:10.024+0000 INFO  [o.n.k.i.DiagnosticsManager]  [classpath + loader.0] file:/home/diana/.m2/repository/org/neo4j/neo4j-kernel/3.1.1/neo4j-kernel-3.1.1.jar
2018-07-12 21:36:10.024+0000 INFO  [o.n.k.i.DiagnosticsManager]  [classpath + loader.0] file:/home/diana/.m2/repository/org/neo4j/neo4j-lucene-index/3.0.0/neo4j-lucene-index-3.0.0.jar
2018-07-12 21:36:10.024+0000 INFO  [o.n.k.i.DiagnosticsManager]  [loader.1] file:/opt/javaOrdner/jdk1.8.0_151/jre/lib/ext/sunjce_provider.jar
2018-07-12 21:36:10.024+0000 INFO  [o.n.k.i.DiagnosticsManager]  [loader.1] file:/opt/javaOrdner/jdk1.8.0_151/jre/lib/ext/sunec.jar
2018-07-12 21:36:10.024+0000 INFO  [o.n.k.i.DiagnosticsManager]  [classpath + loader.0] file:/home/diana/.m2/repository/org/neo4j/app/neo4j-server/3.1.1/neo4j-server-3.1.1.jar
2018-07-12 21:36:10.024+0000 INFO  [o.n.k.i.DiagnosticsManager]  [classpath + loader.0] file:/home/diana/.m2/repository/org/neo4j/neo4j-logging/3.1.1/neo4j-logging-3.1.1.jar
2018-07-12 21:36:10.024+0000 INFO  [o.n.k.i.DiagnosticsManager]  [classpath + loader.0] file:/home/diana/.m2/repository/org/eclipse/jetty/jetty-http/9.2.9.v20150224/jetty-http-9.2.9.v20150224.jar
2018-07-12 21:36:10.024+0000 INFO  [o.n.k.i.DiagnosticsManager]  [classpath + loader.0] file:/home/diana/.m2/repository/org/neo4j/3rdparty/javax/ws/rs/jsr311-api/1.1.2.r612/jsr311-api-1.1.2.r612.jar
2018-07-12 21:36:10.024+0000 INFO  [o.n.k.i.DiagnosticsManager]  [classpath + loader.0] file:/home/diana/.m2/repository/org/neo4j/neo4j-codegen/3.1.1/neo4j-codegen-3.1.1.jar
2018-07-12 21:36:10.024+0000 INFO  [o.n.k.i.DiagnosticsManager]  [classpath + loader.0] file:/home/diana/.m2/repository/org/codehaus/jackson/jackson-core-asl/1.9.13/jackson-core-asl-1.9.13.jar
2018-07-12 21:36:10.025+0000 INFO  [o.n.k.i.DiagnosticsManager]  [classpath + loader.0] file:/home/diana/.m2/repository/org/datanucleus/datanucleus-api-jdo/5.1.6/datanucleus-api-jdo-5.1.6.jar
2018-07-12 21:36:10.025+0000 INFO  [o.n.k.i.DiagnosticsManager]  [classpath + loader.0] file:/home/diana/.m2/repository/org/scala-lang/scala-library/2.11.8/scala-library-2.11.8.jar
2018-07-12 21:36:10.025+0000 INFO  [o.n.k.i.DiagnosticsManager]  [classpath + loader.0] file:/home/diana/.m2/repository/org/neo4j/neo4j-bolt/3.1.1/neo4j-bolt-3.1.1.jar
2018-07-12 21:36:10.025+0000 INFO  [o.n.k.i.DiagnosticsManager]  [classpath + loader.0] file:/home/diana/.m2/repository/org/neo4j/neo4j-cypher-compiler-2.3/2.3.8/neo4j-cypher-compiler-2.3-2.3.8.jar
2018-07-12 21:36:10.025+0000 INFO  [o.n.k.i.DiagnosticsManager]  [classpath + loader.0] file:/home/diana/.m2/repository/org/ow2/asm/asm/5.0.4/asm-5.0.4.jar
2018-07-12 21:36:10.025+0000 INFO  [o.n.k.i.DiagnosticsManager]  [classpath + loader.0] file:/home/diana/.m2/repository/org/datanucleus/datanucleus-neo4j/5.1.3/datanucleus-neo4j-5.1.3.jar
2018-07-12 21:36:10.025+0000 INFO  [o.n.k.i.DiagnosticsManager]  [classpath + loader.0] file:/home/diana/.m2/repository/org/neo4j/neo4j-cypher/3.1.1/neo4j-cypher-3.1.1.jar
2018-07-12 21:36:10.025+0000 INFO  [o.n.k.i.DiagnosticsManager]  [classpath + loader.0] file:/home/diana/.m2/repository/org/neo4j/neo4j-io/3.1.1/neo4j-io-3.1.1.jar
2018-07-12 21:36:10.025+0000 INFO  [o.n.k.i.DiagnosticsManager]  [classpath + loader.0] file:/home/diana/.m2/repository/org/neo4j/neo4j-resource/3.1.1/neo4j-resource-3.1.1.jar
2018-07-12 21:36:10.026+0000 INFO  [o.n.k.i.DiagnosticsManager]  [bootstrap] /opt/javaOrdner/jdk1.8.0_151/jre/classes
2018-07-12 21:36:10.026+0000 INFO  [o.n.k.i.DiagnosticsManager]  [bootstrap] /opt/javaOrdner/jdk1.8.0_151/jre/lib/sunrsasign.jar
2018-07-12 21:36:10.026+0000 INFO  [o.n.k.i.DiagnosticsManager]  [bootstrap + classpath + loader.0] file:/opt/javaOrdner/jdk1.8.0_151/jre/lib/charsets.jar
2018-07-12 21:36:10.026+0000 INFO  [o.n.k.i.DiagnosticsManager]  [classpath + loader.0] file:/home/diana/.m2/repository/org/neo4j/neo4j-collections/3.1.1/neo4j-collections-3.1.1.jar
2018-07-12 21:36:10.026+0000 INFO  [o.n.k.i.DiagnosticsManager]  [classpath + loader.0] file:/home/diana/.m2/repository/commons-beanutils/commons-beanutils/1.8.3/commons-beanutils-1.8.3.jar
2018-07-12 21:36:10.026+0000 INFO  [o.n.k.i.DiagnosticsManager]  [classpath + loader.0] file:/home/diana/.m2/repository/org/neo4j/client/neo4j-browser/2.0.0-M10/neo4j-browser-2.0.0-M10.jar
2018-07-12 21:36:10.026+0000 INFO  [o.n.k.i.DiagnosticsManager]  [classpath + loader.0] file:/home/diana/.m2/repository/org/neo4j/neo4j-cypher-frontend-3.0/3.0.8/neo4j-cypher-frontend-3.0-3.0.8.jar
2018-07-12 21:36:10.026+0000 INFO  [o.n.k.i.DiagnosticsManager]  [classpath + loader.0] file:/home/diana/.m2/repository/org/neo4j/neo4j-cypher-compiler-3.1/3.1.1/neo4j-cypher-compiler-3.1-3.1.1.jar
2018-07-12 21:36:10.026+0000 INFO  [o.n.k.i.DiagnosticsManager]  [classpath + loader.0] file:/home/diana/.m2/repository/org/datanucleus/javax.jdo/3.2.0-m5/javax.jdo-3.2.0-m5.jar
2018-07-12 21:36:10.026+0000 INFO  [o.n.k.i.DiagnosticsManager]  [classpath + loader.0] file:/home/diana/.m2/repository/org/eclipse/jetty/jetty-server/9.2.9.v20150224/jetty-server-9.2.9.v20150224.jar
2018-07-12 21:36:10.026+0000 INFO  [o.n.k.i.DiagnosticsManager]  [classpath + loader.0] file:/home/diana/.m2/repository/org/neo4j/server-api/3.1.1/server-api-3.1.1.jar
2018-07-12 21:36:10.026+0000 INFO  [o.n.k.i.DiagnosticsManager]  [classpath + loader.0] file:/home/diana/.m2/repository/org/apache/lucene/lucene-core/5.5.0/lucene-core-5.5.0.jar
2018-07-12 21:36:10.027+0000 INFO  [o.n.k.i.DiagnosticsManager]  [classpath + loader.0] file:/home/diana/.m2/repository/org/eclipse/jetty/jetty-servlet/9.2.9.v20150224/jetty-servlet-9.2.9.v20150224.jar
2018-07-12 21:36:10.027+0000 INFO  [o.n.k.i.DiagnosticsManager]  [loader.1] file:/opt/javaOrdner/jdk1.8.0_151/jre/lib/ext/sunpkcs11.jar
2018-07-12 21:36:10.027+0000 INFO  [o.n.k.i.DiagnosticsManager]  [classpath + loader.0] file:/home/diana/.m2/repository/org/apache/lucene/lucene-analyzers-common/5.5.0/lucene-analyzers-common-5.5.0.jar
2018-07-12 21:36:10.027+0000 INFO  [o.n.k.i.DiagnosticsManager]  [classpath + loader.0] file:/home/diana/.m2/repository/org/eclipse/jetty/jetty-util/9.2.9.v20150224/jetty-util-9.2.9.v20150224.jar
2018-07-12 21:36:10.027+0000 INFO  [o.n.k.i.DiagnosticsManager]  [classpath + loader.0] file:/home/diana/.m2/repository/org/neo4j/neo4j-cypher-compiler-3.0/3.0.8/neo4j-cypher-compiler-3.0-3.0.8.jar
2018-07-12 21:36:10.027+0000 INFO  [o.n.k.i.DiagnosticsManager]  [classpath + loader.0] file:/home/diana/.m2/repository/org/neo4j/neo4j-import-tool/3.1.1/neo4j-import-tool-3.1.1.jar
2018-07-12 21:36:10.027+0000 INFO  [o.n.k.i.DiagnosticsManager]  [bootstrap + classpath + loader.0] file:/opt/javaOrdner/jdk1.8.0_151/jre/lib/jsse.jar
2018-07-12 21:36:10.027+0000 INFO  [o.n.k.i.DiagnosticsManager]  [bootstrap + classpath + loader.0] file:/opt/javaOrdner/jdk1.8.0_151/jre/lib/jfr.jar
2018-07-12 21:36:10.027+0000 INFO  [o.n.k.i.DiagnosticsManager]  [classpath + loader.0] file:/home/diana/.m2/repository/org/neo4j/neo4j-csv/3.1.1/neo4j-csv-3.1.1.jar
2018-07-12 21:36:10.027+0000 INFO  [o.n.k.i.DiagnosticsManager]  [classpath + loader.0] file:/home/diana/.m2/repository/com/sun/jersey/jersey-core/1.19/jersey-core-1.19.jar
2018-07-12 21:36:10.027+0000 INFO  [o.n.k.i.DiagnosticsManager]  [classpath + loader.0] file:/home/diana/.m2/repository/org/bouncycastle/bcpkix-jdk15on/1.53/bcpkix-jdk15on-1.53.jar
2018-07-12 21:36:10.027+0000 INFO  [o.n.k.i.DiagnosticsManager]  [classpath + loader.0] file:/home/diana/.m2/repository/org/neo4j/neo4j-udc/3.0.0/neo4j-udc-3.0.0.jar
2018-07-12 21:36:10.028+0000 INFO  [o.n.k.i.DiagnosticsManager]  [classpath + loader.0] file:/home/diana/.m2/repository/org/neo4j/neo4j-graph-matching/3.0.0/neo4j-graph-matching-3.0.0.jar
2018-07-12 21:36:10.028+0000 INFO  [o.n.k.i.DiagnosticsManager]  [classpath + loader.0] file:/home/diana/.m2/repository/com/sun/jersey/contribs/jersey-multipart/1.19/jersey-multipart-1.19.jar
2018-07-12 21:36:10.028+0000 INFO  [o.n.k.i.DiagnosticsManager]  [loader.1] file:/opt/javaOrdner/jdk1.8.0_151/jre/lib/ext/nashorn.jar
2018-07-12 21:36:10.028+0000 INFO  [o.n.k.i.DiagnosticsManager]  [classpath + loader.0] file:/home/diana/.m2/repository/org/neo4j/neo4j-security/3.1.1/neo4j-security-3.1.1.jar
2018-07-12 21:36:10.028+0000 INFO  [o.n.k.i.DiagnosticsManager]  [classpath + loader.0] file:/home/diana/.m2/repository/org/apache/commons/commons-compress/1.12/commons-compress-1.12.jar
2018-07-12 21:36:10.028+0000 INFO  [o.n.k.i.DiagnosticsManager]  [classpath + loader.0] file:/home/diana/.m2/repository/org/codehaus/jackson/jackson-jaxrs/1.9.13/jackson-jaxrs-1.9.13.jar
2018-07-12 21:36:10.028+0000 INFO  [o.n.k.i.DiagnosticsManager]  [classpath + loader.0] file:/home/diana/.m2/repository/com/sun/jersey/jersey-servlet/1.19/jersey-servlet-1.19.jar
2018-07-12 21:36:10.028+0000 INFO  [o.n.k.i.DiagnosticsManager]  [classpath + loader.0] file:/home/diana/.m2/repository/org/datanucleus/datanucleus-core/5.1.9/datanucleus-core-5.1.9.jar
2018-07-12 21:36:10.028+0000 INFO  [o.n.k.i.DiagnosticsManager]  [classpath + loader.0] file:/home/diana/.m2/repository/org/parboiled/parboiled-scala_2.11/1.1.7/parboiled-scala_2.11-1.1.7.jar
2018-07-12 21:36:10.028+0000 INFO  [o.n.k.i.DiagnosticsManager]  [bootstrap + classpath + loader.0] file:/opt/javaOrdner/jdk1.8.0_151/jre/lib/resources.jar
2018-07-12 21:36:10.028+0000 INFO  [o.n.k.i.DiagnosticsManager]  [classpath + loader.0] file:/home/diana/.m2/repository/org/jvnet/mimepull/mimepull/1.9.3/mimepull-1.9.3.jar
2018-07-12 21:36:10.028+0000 INFO  [o.n.k.i.DiagnosticsManager]  [classpath + loader.0] file:/home/diana/.m2/repository/com/sun/jersey/jersey-server/1.19/jersey-server-1.19.jar
2018-07-12 21:36:10.029+0000 INFO  [o.n.k.i.DiagnosticsManager]  [classpath + loader.0] file:/home/diana/.m2/repository/org/eclipse/jetty/jetty-webapp/9.2.9.v20150224/jetty-webapp-9.2.9.v20150224.jar
2018-07-12 21:36:10.029+0000 INFO  [o.n.k.i.DiagnosticsManager]  [classpath + loader.0] file:/home/diana/.m2/repository/org/neo4j/neo4j-cypher-frontend-3.1/3.1.1/neo4j-cypher-frontend-3.1-3.1.1.jar
2018-07-12 21:36:10.029+0000 INFO  [o.n.k.i.DiagnosticsManager]  [loader.1] file:/opt/javaOrdner/jdk1.8.0_151/jre/lib/ext/localedata.jar
2018-07-12 21:36:10.029+0000 INFO  [o.n.k.i.DiagnosticsManager]  [bootstrap + classpath + loader.0] file:/opt/javaOrdner/jdk1.8.0_151/jre/lib/jce.jar
2018-07-12 21:36:10.029+0000 INFO  [o.n.k.i.DiagnosticsManager]  [classpath + loader.0] file:/home/diana/.m2/repository/org/parboiled/parboiled-core/1.1.7/parboiled-core-1.1.7.jar
2018-07-12 21:36:10.029+0000 INFO  [o.n.k.i.DiagnosticsManager]  [classpath + loader.0] file:/home/diana/.m2/repository/org/apache/commons/commons-lang3/3.3.2/commons-lang3-3.3.2.jar
2018-07-12 21:36:10.029+0000 INFO  [o.n.k.i.DiagnosticsManager]  [classpath + loader.0] file:/home/diana/.m2/repository/org/neo4j/neo4j-shell/3.1.1/neo4j-shell-3.1.1.jar
2018-07-12 21:36:10.029+0000 INFO  [o.n.k.i.DiagnosticsManager]  [loader.1] file:/opt/javaOrdner/jdk1.8.0_151/jre/lib/ext/dnsns.jar
2018-07-12 21:36:10.029+0000 INFO  [o.n.k.i.DiagnosticsManager]  [classpath + loader.0] file:/home/diana/.m2/repository/org/codehaus/jackson/jackson-mapper-asl/1.9.13/jackson-mapper-asl-1.9.13.jar
2018-07-12 21:36:10.029+0000 INFO  [o.n.k.i.DiagnosticsManager]  [classpath + loader.0] file:/home/diana/.m2/repository/org/bouncycastle/bcprov-jdk15on/1.53/bcprov-jdk15on-1.53.jar
2018-07-12 21:36:10.029+0000 INFO  [o.n.k.i.DiagnosticsManager]  [classpath + loader.0] file:/home/diana/.m2/repository/org/neo4j/neo4j-cypher-frontend-2.3/2.3.8/neo4j-cypher-frontend-2.3-2.3.8.jar
2018-07-12 21:36:10.029+0000 INFO  [o.n.k.i.DiagnosticsManager]  [classpath + loader.0] file:/home/diana/.m2/repository/org/apache/lucene/lucene-backward-codecs/5.5.0/lucene-backward-codecs-5.5.0.jar
2018-07-12 21:36:10.030+0000 INFO  [o.n.k.i.DiagnosticsManager]  [classpath + loader.0] file:/home/diana/.m2/repository/com/github/ben-manes/caffeine/caffeine/2.3.3/caffeine-2.3.3.jar
2018-07-12 21:36:10.030+0000 INFO  [o.n.k.i.DiagnosticsManager]  [classpath + loader.0] file:/home/diana/.m2/repository/commons-configuration/commons-configuration/1.10/commons-configuration-1.10.jar
2018-07-12 21:36:10.030+0000 INFO  [o.n.k.i.DiagnosticsManager]  [classpath + loader.0] file:/home/diana/.m2/repository/jline/jline/2.12/jline-2.12.jar
2018-07-12 21:36:10.030+0000 INFO  [o.n.k.i.DiagnosticsManager]  [loader.1] file:/opt/javaOrdner/jdk1.8.0_151/jre/lib/ext/cldrdata.jar
2018-07-12 21:36:10.030+0000 INFO  [o.n.k.i.DiagnosticsManager]  [classpath + loader.0] file:/home/diana/.m2/repository/commons-io/commons-io/2.4/commons-io-2.4.jar
2018-07-12 21:36:10.030+0000 INFO  [o.n.k.i.DiagnosticsManager]  [classpath + loader.0] file:/home/diana/.m2/repository/javax/servlet/javax.servlet-api/3.1.0/javax.servlet-api-3.1.0.jar
2018-07-12 21:36:10.030+0000 INFO  [o.n.k.i.DiagnosticsManager]  [classpath + loader.0] file:/home/diana/.m2/repository/org/neo4j/neo4j-command-line/3.1.1/neo4j-command-line-3.1.1.jar
2018-07-12 21:36:10.030+0000 INFO  [o.n.k.i.DiagnosticsManager]  [classpath + loader.0] file:/home/diana/.m2/repository/org/neo4j/neo4j-common/3.1.1/neo4j-common-3.1.1.jar
2018-07-12 21:36:10.030+0000 INFO  [o.n.k.i.DiagnosticsManager]  [classpath + loader.0] file:/home/diana/.m2/repository/org/neo4j/neo4j-consistency-check/3.0.0/neo4j-consistency-check-3.0.0.jar
2018-07-12 21:36:10.030+0000 INFO  [o.n.k.i.DiagnosticsManager]  [classpath + loader.0] file:/home/diana/.m2/repository/commons-lang/commons-lang/2.6/commons-lang-2.6.jar
2018-07-12 21:36:10.031+0000 INFO  [o.n.k.i.DiagnosticsManager]  [classpath + loader.0] file:/home/diana/.m2/repository/net/sf/opencsv/opencsv/2.3/opencsv-2.3.jar
2018-07-12 21:36:10.031+0000 INFO  [o.n.k.i.DiagnosticsManager]  [classpath + loader.0] file:/home/diana/.m2/repository/org/eclipse/jetty/jetty-security/9.2.9.v20150224/jetty-security-9.2.9.v20150224.jar
2018-07-12 21:36:10.031+0000 INFO  [o.n.k.i.DiagnosticsManager]  [classpath + loader.0] file:/home/diana/.m2/repository/commons-logging/commons-logging/1.1.1/commons-logging-1.1.1.jar
2018-07-12 21:36:10.031+0000 INFO  [o.n.k.i.DiagnosticsManager]  [classpath + loader.0] file:/home/diana/Dokumente/eclipse/workspace/objectMappingDataNucleusNeo4j/target/classes/
2018-07-12 21:36:10.031+0000 INFO  [o.n.k.i.DiagnosticsManager]  [loader.1] file:/opt/javaOrdner/jdk1.8.0_151/jre/lib/ext/zipfs.jar
2018-07-12 21:36:10.031+0000 INFO  [o.n.k.i.DiagnosticsManager]  [classpath + loader.0] file:/home/diana/.m2/repository/org/neo4j/neo4j-graph-algo/3.0.0/neo4j-graph-algo-3.0.0.jar
2018-07-12 21:36:10.031+0000 INFO  [o.n.k.i.DiagnosticsManager]  [classpath + loader.0] file:/home/diana/.m2/repository/javax/transaction/transaction-api/1.1/transaction-api-1.1.jar
2018-07-12 21:36:10.031+0000 INFO  [o.n.k.i.DiagnosticsManager]  [bootstrap + classpath + loader.0] file:/opt/javaOrdner/jdk1.8.0_151/jre/lib/rt.jar
2018-07-12 21:36:10.032+0000 INFO  [o.n.k.i.DiagnosticsManager]  [classpath + loader.0] file:/home/diana/.m2/repository/io/netty/netty-all/4.1.6.Final/netty-all-4.1.6.Final.jar
2018-07-12 21:36:10.032+0000 INFO  [o.n.k.i.DiagnosticsManager]  [classpath + loader.0] file:/home/diana/.m2/repository/org/neo4j/neo4j-dbms/3.1.1/neo4j-dbms-3.1.1.jar
2018-07-12 21:36:10.032+0000 INFO  [o.n.k.i.DiagnosticsManager]  [classpath + loader.0] file:/home/diana/.m2/repository/org/neo4j/neo4j-lucene-upgrade/3.1.1/neo4j-lucene-upgrade-3.1.1.jar
2018-07-12 21:36:10.032+0000 INFO  [o.n.k.i.DiagnosticsManager]  [classpath + loader.0] file:/home/diana/.m2/repository/org/mozilla/rhino/1.7R4/rhino-1.7R4.jar
2018-07-12 21:36:10.032+0000 INFO  [o.n.k.i.DiagnosticsManager]  [classpath + loader.0] file:/home/diana/.m2/repository/commons-digester/commons-digester/2.1/commons-digester-2.1.jar
2018-07-12 21:36:10.032+0000 INFO  [o.n.k.i.DiagnosticsManager]  [classpath + loader.0] file:/home/diana/.m2/repository/org/apache/lucene/lucene-queryparser/5.5.0/lucene-queryparser-5.5.0.jar
2018-07-12 21:36:10.032+0000 INFO  [o.n.k.i.DiagnosticsManager]  [classpath + loader.0] file:/home/diana/.m2/repository/org/scala-lang/scala-reflect/2.11.8/scala-reflect-2.11.8.jar
2018-07-12 21:36:10.032+0000 INFO  [o.n.k.i.DiagnosticsManager]  [classpath + loader.0] file:/home/diana/.m2/repository/org/neo4j/neo4j-jmx/3.0.0/neo4j-jmx-3.0.0.jar
2018-07-12 21:36:10.032+0000 INFO  [o.n.k.i.DiagnosticsManager]  [classpath + loader.0] file:/home/diana/.m2/repository/org/eclipse/jetty/jetty-io/9.2.9.v20150224/jetty-io-9.2.9.v20150224.jar
2018-07-12 21:36:10.032+0000 INFO  [o.n.k.i.DiagnosticsManager]  [classpath + loader.0] file:/home/diana/.m2/repository/org/eclipse/jetty/jetty-xml/9.2.9.v20150224/jetty-xml-9.2.9.v20150224.jar
2018-07-12 21:36:10.032+0000 INFO  [o.n.k.i.DiagnosticsManager]  [loader.1] file:/opt/javaOrdner/jdk1.8.0_151/jre/lib/ext/jfxrt.jar
2018-07-12 21:36:10.032+0000 INFO  [o.n.k.i.DiagnosticsManager]  [classpath + loader.0] file:/home/diana/.m2/repository/org/neo4j/neo4j-unsafe/3.1.1/neo4j-unsafe-3.1.1.jar
2018-07-12 21:36:10.032+0000 INFO  [o.n.k.i.DiagnosticsManager] Library path:
2018-07-12 21:36:10.033+0000 INFO  [o.n.k.i.DiagnosticsManager] /usr/java/packages/lib/amd64
2018-07-12 21:36:10.033+0000 INFO  [o.n.k.i.DiagnosticsManager] /usr/lib64
2018-07-12 21:36:10.033+0000 INFO  [o.n.k.i.DiagnosticsManager] /lib64
2018-07-12 21:36:10.033+0000 INFO  [o.n.k.i.DiagnosticsManager] /lib
2018-07-12 21:36:10.033+0000 INFO  [o.n.k.i.DiagnosticsManager] /usr/lib
2018-07-12 21:36:10.033+0000 INFO  [o.n.k.i.DiagnosticsManager] System.properties:
2018-07-12 21:36:10.034+0000 INFO  [o.n.k.i.DiagnosticsManager] sun.boot.library.path = /opt/javaOrdner/jdk1.8.0_151/jre/lib/amd64
2018-07-12 21:36:10.034+0000 INFO  [o.n.k.i.DiagnosticsManager] path.separator = :
2018-07-12 21:36:10.034+0000 INFO  [o.n.k.i.DiagnosticsManager] file.encoding.pkg = sun.io
2018-07-12 21:36:10.034+0000 INFO  [o.n.k.i.DiagnosticsManager] user.country = DE
2018-07-12 21:36:10.034+0000 INFO  [o.n.k.i.DiagnosticsManager] sun.java.launcher = SUN_STANDARD
2018-07-12 21:36:10.034+0000 INFO  [o.n.k.i.DiagnosticsManager] sun.os.patch.level = unknown
2018-07-12 21:36:10.034+0000 INFO  [o.n.k.i.DiagnosticsManager] user.dir = /home/diana/Dokumente/eclipse/workspace/objectMappingDataNucleusNeo4j
2018-07-12 21:36:10.034+0000 INFO  [o.n.k.i.DiagnosticsManager] sun.jnu.encoding = UTF-8
2018-07-12 21:36:10.034+0000 INFO  [o.n.k.i.DiagnosticsManager] sun.management.compiler = HotSpot 64-Bit Tiered Compilers
2018-07-12 21:36:10.034+0000 INFO  [o.n.k.i.DiagnosticsManager] user.home = /home/diana
2018-07-12 21:36:10.034+0000 INFO  [o.n.k.i.DiagnosticsManager] user.timezone = Europe/Berlin
2018-07-12 21:36:10.034+0000 INFO  [o.n.k.i.DiagnosticsManager] file.encoding = UTF-8
2018-07-12 21:36:10.035+0000 INFO  [o.n.k.i.DiagnosticsManager] user.name = diana
2018-07-12 21:36:10.035+0000 INFO  [o.n.k.i.DiagnosticsManager] sun.java.command = com.haw_hamburg.de.objectMapping.dataNucleus.Neo4j.helper.Main
2018-07-12 21:36:10.035+0000 INFO  [o.n.k.i.DiagnosticsManager] sun.arch.data.model = 64
2018-07-12 21:36:10.035+0000 INFO  [o.n.k.i.DiagnosticsManager] user.language = de
2018-07-12 21:36:10.035+0000 INFO  [o.n.k.i.DiagnosticsManager] awt.toolkit = sun.awt.X11.XToolkit
2018-07-12 21:36:10.035+0000 INFO  [o.n.k.i.DiagnosticsManager] file.separator = /
2018-07-12 21:36:10.035+0000 INFO  [o.n.k.i.DiagnosticsManager] sun.io.unicode.encoding = UnicodeLittle
2018-07-12 21:36:10.035+0000 INFO  [o.n.k.i.DiagnosticsManager] sun.cpu.endian = little
2018-07-12 21:36:10.035+0000 INFO  [o.n.k.i.DiagnosticsManager] sun.desktop = gnome
2018-07-12 21:36:10.035+0000 INFO  [o.n.k.i.DiagnosticsManager] sun.cpu.isalist = 
2018-07-12 21:36:10.035+0000 INFO  [o.n.k.i.DiagnosticsManager] Linux scheduler information:
2018-07-12 21:36:10.046+0000 INFO  [o.n.k.i.DiagnosticsManager] [none] 
2018-07-12 21:36:10.047+0000 INFO  [o.n.k.i.DiagnosticsManager] noop deadline [cfq] 
2018-07-12 21:36:10.047+0000 INFO  [o.n.k.i.DiagnosticsManager] [none] 
2018-07-12 21:36:10.047+0000 INFO  [o.n.k.i.DiagnosticsManager] [none] 
2018-07-12 21:36:10.047+0000 INFO  [o.n.k.i.DiagnosticsManager] noop deadline [cfq] 
2018-07-12 21:36:10.048+0000 INFO  [o.n.k.i.DiagnosticsManager] [none] 
2018-07-12 21:36:10.048+0000 INFO  [o.n.k.i.DiagnosticsManager] [none] 
2018-07-12 21:36:10.048+0000 INFO  [o.n.k.i.DiagnosticsManager] noop deadline [cfq] 
2018-07-12 21:36:10.048+0000 INFO  [o.n.k.i.DiagnosticsManager] [none] 
2018-07-12 21:36:10.048+0000 INFO  [o.n.k.i.DiagnosticsManager] [none] 
2018-07-12 21:36:10.049+0000 INFO  [o.n.k.i.DiagnosticsManager] [none] 
2018-07-12 21:36:10.049+0000 INFO  [o.n.k.i.DiagnosticsManager] Network information:
2018-07-12 21:36:10.050+0000 INFO  [o.n.k.i.DiagnosticsManager] Interface wlp3s0:
2018-07-12 21:36:10.050+0000 INFO  [o.n.k.i.DiagnosticsManager]     address: 2a02:2028:808:ea01:1145:f91c:83fc:f95f%wlp3s0
2018-07-12 21:36:10.050+0000 INFO  [o.n.k.i.DiagnosticsManager]     address: 2a02:2028:521:101:1145:f91c:83fc:f95f%wlp3s0
2018-07-12 21:36:10.051+0000 INFO  [o.n.k.i.DiagnosticsManager]     address: fe80:0:0:0:5e43:e794:902a:cbd%wlp3s0
2018-07-12 21:36:10.051+0000 INFO  [o.n.k.i.DiagnosticsManager]     address: fd00:0:0:0:b19a:1b89:8f6b:d32a%wlp3s0
2018-07-12 21:36:10.051+0000 INFO  [o.n.k.i.DiagnosticsManager]     address: 2a02:2028:521:101:b1a9:8405:bbd4:eb88%wlp3s0
2018-07-12 21:36:10.051+0000 INFO  [o.n.k.i.DiagnosticsManager]     address: 192.168.178.36
2018-07-12 21:36:10.051+0000 INFO  [o.n.k.i.DiagnosticsManager] Interface lo:
2018-07-12 21:36:10.051+0000 INFO  [o.n.k.i.DiagnosticsManager]     address: 0:0:0:0:0:0:0:1%lo
2018-07-12 21:36:10.051+0000 INFO  [o.n.k.i.DiagnosticsManager]     address: 127.0.0.1
2018-07-12 21:36:10.051+0000 INFO  [o.n.k.i.DiagnosticsManager] --- INITIALIZED diagnostics END ---
2018-07-12 21:36:10.256+0000 INFO  [o.n.k.i.s.f.RecordFormatSelector] Selected RecordFormat:StandardV3_0[v0.A.7] record format from store /home/diana/Dokumente/eclipse/workspace/objectMappingDataNucleusNeo4j/localhost:7474
2018-07-12 21:36:10.285+0000 INFO  [o.n.k.i.s.f.RecordFormatSelector] Selected RecordFormat:StandardV3_0[v0.A.7] record format from store /home/diana/Dokumente/eclipse/workspace/objectMappingDataNucleusNeo4j/localhost:7474
2018-07-12 21:36:10.285+0000 INFO  [o.n.k.i.s.f.RecordFormatSelector] Format not configured. Selected format from the store: RecordFormat:StandardV3_0[v0.A.7]
2018-07-12 21:36:11.202+0000 INFO  [o.n.k.i.DatabaseHealth] Database health set to OK
2018-07-12 21:36:11.968+0000 INFO  [o.n.k.AvailabilityGuard] Fulfilling of requirement makes database available: Database available
2018-07-12 21:36:11.969+0000 INFO  [o.n.k.i.f.GraphDatabaseFacadeFactory] Database is now ready
2018-07-12 21:36:11.971+0000 INFO  [o.n.k.i.DiagnosticsManager] --- STARTED diagnostics for KernelDiagnostics:Versions START ---
2018-07-12 21:36:11.971+0000 INFO  [o.n.k.i.DiagnosticsManager] Graph Database: community single StoreId{creationTime=1531431048256, randomId=-4878937392424326117, storeVersion=15531981201765894, upgradeTime=1531431048256, upgradeId=1}
2018-07-12 21:36:11.971+0000 INFO  [o.n.k.i.DiagnosticsManager] Kernel version: 3.1.1,89b7bf20d72f757945f8c32988e4e4c1c83ce013
2018-07-12 21:36:11.971+0000 INFO  [o.n.k.i.DiagnosticsManager] --- STARTED diagnostics for KernelDiagnostics:Versions END ---
2018-07-12 21:36:11.974+0000 INFO  [o.n.k.i.DiagnosticsManager] --- STARTED diagnostics for NEO_STORE_VERSIONS START ---
2018-07-12 21:36:11.974+0000 INFO  [o.n.k.i.DiagnosticsManager] Store versions:
2018-07-12 21:36:11.974+0000 INFO  [o.n.k.i.DiagnosticsManager] Store versions:
2018-07-12 21:36:11.975+0000 INFO  [o.n.k.i.DiagnosticsManager]   ArrayPropertyStore v0.A.7
2018-07-12 21:36:11.975+0000 INFO  [o.n.k.i.DiagnosticsManager]   NodeStore v0.A.7
2018-07-12 21:36:11.975+0000 INFO  [o.n.k.i.DiagnosticsManager]   StringPropertyStore v0.A.7
2018-07-12 21:36:11.975+0000 INFO  [o.n.k.i.DiagnosticsManager]   PropertyIndexStore v0.A.7
2018-07-12 21:36:11.975+0000 INFO  [o.n.k.i.DiagnosticsManager]   StringPropertyStore v0.A.7
2018-07-12 21:36:11.975+0000 INFO  [o.n.k.i.DiagnosticsManager]   ArrayPropertyStore v0.A.7
2018-07-12 21:36:11.975+0000 INFO  [o.n.k.i.DiagnosticsManager]   PropertyStore v0.A.7
2018-07-12 21:36:11.975+0000 INFO  [o.n.k.i.DiagnosticsManager]   RelationshipStore v0.A.7
2018-07-12 21:36:11.975+0000 INFO  [o.n.k.i.DiagnosticsManager]   StringPropertyStore v0.A.7
2018-07-12 21:36:11.975+0000 INFO  [o.n.k.i.DiagnosticsManager]   RelationshipTypeStore v0.A.7
2018-07-12 21:36:11.978+0000 INFO  [o.n.k.i.DiagnosticsManager]   StringPropertyStore v0.A.7
2018-07-12 21:36:11.978+0000 INFO  [o.n.k.i.DiagnosticsManager]   LabelTokenStore v0.A.7
2018-07-12 21:36:11.979+0000 INFO  [o.n.k.i.DiagnosticsManager]   SchemaStore v0.A.7
2018-07-12 21:36:11.979+0000 INFO  [o.n.k.i.DiagnosticsManager]   RelationshipGroupStore v0.A.7
2018-07-12 21:36:11.979+0000 INFO  [o.n.k.i.DiagnosticsManager]   NeoStore v0.A.7
2018-07-12 21:36:11.979+0000 INFO  [o.n.k.i.DiagnosticsManager] --- STARTED diagnostics for NEO_STORE_VERSIONS END ---
2018-07-12 21:36:11.979+0000 INFO  [o.n.k.i.DiagnosticsManager] --- STARTED diagnostics for NEO_STORE_ID_USAGE START ---
2018-07-12 21:36:11.979+0000 INFO  [o.n.k.i.DiagnosticsManager] Id usage:
2018-07-12 21:36:11.979+0000 INFO  [o.n.k.i.DiagnosticsManager] Id usage:
2018-07-12 21:36:11.980+0000 INFO  [o.n.k.i.DiagnosticsManager]   ArrayPropertyStore: used=1 high=0
2018-07-12 21:36:11.980+0000 INFO  [o.n.k.i.DiagnosticsManager]   NodeStore: used=9 high=8
2018-07-12 21:36:11.980+0000 INFO  [o.n.k.i.DiagnosticsManager]   StringPropertyStore: used=9 high=8
2018-07-12 21:36:11.980+0000 INFO  [o.n.k.i.DiagnosticsManager]   PropertyIndexStore: used=8 high=7
2018-07-12 21:36:11.980+0000 INFO  [o.n.k.i.DiagnosticsManager]   StringPropertyStore: used=6 high=5
2018-07-12 21:36:11.981+0000 INFO  [o.n.k.i.DiagnosticsManager]   ArrayPropertyStore: used=1 high=0
2018-07-12 21:36:11.982+0000 INFO  [o.n.k.i.DiagnosticsManager]   PropertyStore: used=40 high=39
2018-07-12 21:36:11.982+0000 INFO  [o.n.k.i.DiagnosticsManager]   RelationshipStore: used=22 high=21
2018-07-12 21:36:11.986+0000 INFO  [o.n.k.i.DiagnosticsManager]   StringPropertyStore: used=3 high=2
2018-07-12 21:36:11.987+0000 INFO  [o.n.k.i.DiagnosticsManager]   RelationshipTypeStore: used=2 high=1
2018-07-12 21:36:11.987+0000 INFO  [o.n.k.i.DiagnosticsManager]   StringPropertyStore: used=1 high=0
2018-07-12 21:36:11.987+0000 INFO  [o.n.k.i.DiagnosticsManager]   LabelTokenStore: used=0 high=-1
2018-07-12 21:36:11.987+0000 INFO  [o.n.k.i.DiagnosticsManager]   SchemaStore: used=1 high=0
2018-07-12 21:36:11.987+0000 INFO  [o.n.k.i.DiagnosticsManager]   RelationshipGroupStore: used=1 high=0
2018-07-12 21:36:11.987+0000 INFO  [o.n.k.i.DiagnosticsManager]   NeoStore: used=15 high=14
2018-07-12 21:36:11.987+0000 INFO  [o.n.k.i.DiagnosticsManager] --- STARTED diagnostics for NEO_STORE_ID_USAGE END ---
2018-07-12 21:36:11.988+0000 INFO  [o.n.k.i.DiagnosticsManager] --- STARTED diagnostics for NEO_STORE_RECORDS START ---
2018-07-12 21:36:11.988+0000 INFO  [o.n.k.i.DiagnosticsManager] Neostore records:
2018-07-12 21:36:11.989+0000 INFO  [o.n.k.i.DiagnosticsManager] TIME (Creation time): 1531431048256
2018-07-12 21:36:11.989+0000 INFO  [o.n.k.i.DiagnosticsManager] RANDOM_NUMBER (Random number for store id): -4878937392424326117
2018-07-12 21:36:11.990+0000 INFO  [o.n.k.i.DiagnosticsManager] LOG_VERSION (Current log version): 0
2018-07-12 21:36:11.990+0000 INFO  [o.n.k.i.DiagnosticsManager] LAST_TRANSACTION_ID (Last committed transaction): 13
2018-07-12 21:36:11.990+0000 INFO  [o.n.k.i.DiagnosticsManager] STORE_VERSION (Store format version): 15531981201765894
2018-07-12 21:36:11.990+0000 INFO  [o.n.k.i.DiagnosticsManager] FIRST_GRAPH_PROPERTY (First property record containing graph properties): -1
2018-07-12 21:36:11.990+0000 INFO  [o.n.k.i.DiagnosticsManager] LAST_CONSTRAINT_TRANSACTION (Last committed transaction containing constraint changes): 0
2018-07-12 21:36:11.990+0000 INFO  [o.n.k.i.DiagnosticsManager] UPGRADE_TRANSACTION_ID (Transaction id most recent upgrade was performed at): 1
2018-07-12 21:36:11.990+0000 INFO  [o.n.k.i.DiagnosticsManager] UPGRADE_TIME (Time of last upgrade): 1531431048256
2018-07-12 21:36:11.990+0000 INFO  [o.n.k.i.DiagnosticsManager] LAST_TRANSACTION_CHECKSUM (Checksum of last committed transaction): -159637990601
2018-07-12 21:36:11.990+0000 INFO  [o.n.k.i.DiagnosticsManager] UPGRADE_TRANSACTION_CHECKSUM (Checksum of transaction id the most recent upgrade was performed at): 0
2018-07-12 21:36:11.990+0000 INFO  [o.n.k.i.DiagnosticsManager] LAST_CLOSED_TRANSACTION_LOG_VERSION (Log version where the last transaction commit entry has been written into): 0
2018-07-12 21:36:11.990+0000 INFO  [o.n.k.i.DiagnosticsManager] LAST_CLOSED_TRANSACTION_LOG_BYTE_OFFSET (Byte offset in the log file where the last transaction commit entry has been written into): 9686
2018-07-12 21:36:11.991+0000 INFO  [o.n.k.i.DiagnosticsManager] LAST_TRANSACTION_COMMIT_TIMESTAMP (Commit time timestamp for last committed transaction): 1531431052859
2018-07-12 21:36:11.991+0000 INFO  [o.n.k.i.DiagnosticsManager] UPGRADE_TRANSACTION_COMMIT_TIMESTAMP (Commit timestamp of transaction the most recent upgrade was performed at): 0
2018-07-12 21:36:11.991+0000 INFO  [o.n.k.i.DiagnosticsManager] --- STARTED diagnostics for NEO_STORE_RECORDS END ---
2018-07-12 21:36:11.992+0000 INFO  [o.n.k.i.DiagnosticsManager] --- STARTED diagnostics for TRANSACTION_RANGE START ---
2018-07-12 21:36:11.992+0000 INFO  [o.n.k.i.DiagnosticsManager] Transaction log:
2018-07-12 21:36:11.994+0000 INFO  [o.n.k.i.DiagnosticsManager] Oldest transaction 2 found in log with version 0
2018-07-12 21:36:11.994+0000 INFO  [o.n.k.i.DiagnosticsManager] --- STARTED diagnostics for TRANSACTION_RANGE END ---
2018-07-12 21:36:11.995+0000 INFO  [o.n.k.i.DiagnosticsManager] --- STARTED diagnostics for KernelDiagnostics:StoreFiles START ---
2018-07-12 21:36:11.995+0000 INFO  [o.n.k.i.DiagnosticsManager] Disk space on partition (Total / Free / Free %): 488335474688 / 447663095808 / 91
Storage files: (filename : modification date - size)
2018-07-12 21:36:11.996+0000 INFO  [o.n.k.i.DiagnosticsManager]   index:
2018-07-12 21:36:11.997+0000 INFO  [o.n.k.i.DiagnosticsManager]     lucene:
2018-07-12 21:36:11.997+0000 INFO  [o.n.k.i.DiagnosticsManager]       node:
2018-07-12 21:36:11.997+0000 INFO  [o.n.k.i.DiagnosticsManager]         DN_TYPES:
2018-07-12 21:36:11.997+0000 INFO  [o.n.k.i.DiagnosticsManager]           _0.cfe: 2018-07-12T23:30:53+0200 - 289,00 B
2018-07-12 21:36:11.998+0000 INFO  [o.n.k.i.DiagnosticsManager]           _0.cfs: 2018-07-12T23:30:53+0200 - 3,11 kB
2018-07-12 21:36:11.998+0000 INFO  [o.n.k.i.DiagnosticsManager]           _0.si: 2018-07-12T23:30:53+0200 - 370,00 B
2018-07-12 21:36:11.998+0000 INFO  [o.n.k.i.DiagnosticsManager]           segments_1: 2018-07-12T23:30:53+0200 - 136,00 B
2018-07-12 21:36:11.998+0000 INFO  [o.n.k.i.DiagnosticsManager]         - Total: 2018-07-12T23:36:10+0200 - 3,88 kB
2018-07-12 21:36:11.999+0000 INFO  [o.n.k.i.DiagnosticsManager]       - Total: 2018-07-12T23:30:52+0200 - 3,88 kB
2018-07-12 21:36:11.999+0000 INFO  [o.n.k.i.DiagnosticsManager]     - Total: 2018-07-12T23:30:52+0200 - 3,88 kB
2018-07-12 21:36:11.999+0000 INFO  [o.n.k.i.DiagnosticsManager]   - Total: 2018-07-12T23:30:52+0200 - 3,88 kB
2018-07-12 21:36:11.999+0000 INFO  [o.n.k.i.DiagnosticsManager]   index.db: 2018-07-12T23:30:49+0200 - 109,00 B
2018-07-12 21:36:11.999+0000 INFO  [o.n.k.i.DiagnosticsManager]   logs:
2018-07-12 21:36:12.000+0000 INFO  [o.n.k.i.DiagnosticsManager]     debug.log: 2018-07-12T23:36:11+0200 - 82,17 kB
2018-07-12 21:36:12.000+0000 INFO  [o.n.k.i.DiagnosticsManager]   - Total: 2018-07-12T23:30:46+0200 - 82,17 kB
2018-07-12 21:36:12.000+0000 INFO  [o.n.k.i.DiagnosticsManager]   neostore: 2018-07-12T23:30:53+0200 - 8,00 kB
2018-07-12 21:36:12.001+0000 INFO  [o.n.k.i.DiagnosticsManager]   neostore.counts.db.a: 2018-07-12T23:30:48+0200 - 96,00 B
2018-07-12 21:36:12.001+0000 INFO  [o.n.k.i.DiagnosticsManager]   neostore.counts.db.b: 2018-07-12T23:30:53+0200 - 224,00 B
2018-07-12 21:36:12.001+0000 INFO  [o.n.k.i.DiagnosticsManager]   neostore.id: 2018-07-12T23:36:10+0200 - 9,00 B
2018-07-12 21:36:12.001+0000 INFO  [o.n.k.i.DiagnosticsManager]   neostore.labeltokenstore.db: 2018-07-12T23:30:47+0200 - 0,00 B
2018-07-12 21:36:12.001+0000 INFO  [o.n.k.i.DiagnosticsManager]   neostore.labeltokenstore.db.id: 2018-07-12T23:36:10+0200 - 9,00 B
2018-07-12 21:36:12.002+0000 INFO  [o.n.k.i.DiagnosticsManager]   neostore.labeltokenstore.db.names: 2018-07-12T23:30:47+0200 - 8,00 kB
2018-07-12 21:36:12.002+0000 INFO  [o.n.k.i.DiagnosticsManager]   neostore.labeltokenstore.db.names.id: 2018-07-12T23:36:10+0200 - 9,00 B
2018-07-12 21:36:12.002+0000 INFO  [o.n.k.i.DiagnosticsManager]   neostore.nodestore.db: 2018-07-12T23:30:53+0200 - 8,00 kB
2018-07-12 21:36:12.003+0000 INFO  [o.n.k.i.DiagnosticsManager]   neostore.nodestore.db.id: 2018-07-12T23:36:10+0200 - 9,00 B
2018-07-12 21:36:12.003+0000 INFO  [o.n.k.i.DiagnosticsManager]   neostore.nodestore.db.labels: 2018-07-12T23:30:47+0200 - 8,00 kB
2018-07-12 21:36:12.003+0000 INFO  [o.n.k.i.DiagnosticsManager]   neostore.nodestore.db.labels.id: 2018-07-12T23:36:10+0200 - 9,00 B
2018-07-12 21:36:12.003+0000 INFO  [o.n.k.i.DiagnosticsManager]   neostore.propertystore.db: 2018-07-12T23:30:53+0200 - 7,97 kB
2018-07-12 21:36:12.004+0000 INFO  [o.n.k.i.DiagnosticsManager]   neostore.propertystore.db.arrays: 2018-07-12T23:30:47+0200 - 8,00 kB
2018-07-12 21:36:12.004+0000 INFO  [o.n.k.i.DiagnosticsManager]   neostore.propertystore.db.arrays.id: 2018-07-12T23:36:10+0200 - 9,00 B
2018-07-12 21:36:12.004+0000 INFO  [o.n.k.i.DiagnosticsManager]   neostore.propertystore.db.id: 2018-07-12T23:36:10+0200 - 9,00 B
2018-07-12 21:36:12.004+0000 INFO  [o.n.k.i.DiagnosticsManager]   neostore.propertystore.db.index: 2018-07-12T23:30:53+0200 - 8,00 kB
2018-07-12 21:36:12.005+0000 INFO  [o.n.k.i.DiagnosticsManager]   neostore.propertystore.db.index.id: 2018-07-12T23:36:10+0200 - 9,00 B
2018-07-12 21:36:12.005+0000 INFO  [o.n.k.i.DiagnosticsManager]   neostore.propertystore.db.index.keys: 2018-07-12T23:30:53+0200 - 8,00 kB
2018-07-12 21:36:12.005+0000 INFO  [o.n.k.i.DiagnosticsManager]   neostore.propertystore.db.index.keys.id: 2018-07-12T23:36:10+0200 - 9,00 B
2018-07-12 21:36:12.005+0000 INFO  [o.n.k.i.DiagnosticsManager]   neostore.propertystore.db.strings: 2018-07-12T23:30:53+0200 - 8,00 kB
2018-07-12 21:36:12.006+0000 INFO  [o.n.k.i.DiagnosticsManager]   neostore.propertystore.db.strings.id: 2018-07-12T23:36:10+0200 - 9,00 B
2018-07-12 21:36:12.006+0000 INFO  [o.n.k.i.DiagnosticsManager]   neostore.relationshipgroupstore.db: 2018-07-12T23:30:48+0200 - 8,00 kB
2018-07-12 21:36:12.006+0000 INFO  [o.n.k.i.DiagnosticsManager]   neostore.relationshipgroupstore.db.id: 2018-07-12T23:36:10+0200 - 9,00 B
2018-07-12 21:36:12.007+0000 INFO  [o.n.k.i.DiagnosticsManager]   neostore.relationshipstore.db: 2018-07-12T23:30:53+0200 - 7,97 kB
2018-07-12 21:36:12.007+0000 INFO  [o.n.k.i.DiagnosticsManager]   neostore.relationshipstore.db.id: 2018-07-12T23:36:10+0200 - 9,00 B
2018-07-12 21:36:12.007+0000 INFO  [o.n.k.i.DiagnosticsManager]   neostore.relationshiptypestore.db: 2018-07-12T23:30:53+0200 - 8,00 kB
2018-07-12 21:36:12.007+0000 INFO  [o.n.k.i.DiagnosticsManager]   neostore.relationshiptypestore.db.id: 2018-07-12T23:36:10+0200 - 9,00 B
2018-07-12 21:36:12.008+0000 INFO  [o.n.k.i.DiagnosticsManager]   neostore.relationshiptypestore.db.names: 2018-07-12T23:30:53+0200 - 8,00 kB
2018-07-12 21:36:12.008+0000 INFO  [o.n.k.i.DiagnosticsManager]   neostore.relationshiptypestore.db.names.id: 2018-07-12T23:36:10+0200 - 9,00 B
2018-07-12 21:36:12.008+0000 INFO  [o.n.k.i.DiagnosticsManager]   neostore.schemastore.db: 2018-07-12T23:30:48+0200 - 8,00 kB
2018-07-12 21:36:12.009+0000 INFO  [o.n.k.i.DiagnosticsManager]   neostore.schemastore.db.id: 2018-07-12T23:36:10+0200 - 9,00 B
2018-07-12 21:36:12.010+0000 INFO  [o.n.k.i.DiagnosticsManager]   neostore.transaction.db.0: 2018-07-12T23:30:53+0200 - 9,48 kB
2018-07-12 21:36:12.010+0000 INFO  [o.n.k.i.DiagnosticsManager]   schema:
2018-07-12 21:36:12.010+0000 INFO  [o.n.k.i.DiagnosticsManager]     label:
2018-07-12 21:36:12.010+0000 INFO  [o.n.k.i.DiagnosticsManager]       lucene:
2018-07-12 21:36:12.010+0000 INFO  [o.n.k.i.DiagnosticsManager]         labelStore:
2018-07-12 21:36:12.011+0000 INFO  [o.n.k.i.DiagnosticsManager]           1:
2018-07-12 21:36:12.011+0000 INFO  [o.n.k.i.DiagnosticsManager]             segments_1: 2018-07-12T23:30:52+0200 - 71,00 B
2018-07-12 21:36:12.011+0000 INFO  [o.n.k.i.DiagnosticsManager]             write.lock: 2018-07-12T23:30:48+0200 - 0,00 B
2018-07-12 21:36:12.012+0000 INFO  [o.n.k.i.DiagnosticsManager]           - Total: 2018-07-12T23:30:53+0200 - 71,00 B
2018-07-12 21:36:12.012+0000 INFO  [o.n.k.i.DiagnosticsManager]           failure-message: 2018-07-12T23:30:48+0200 - 16,00 kB
2018-07-12 21:36:12.012+0000 INFO  [o.n.k.i.DiagnosticsManager]         - Total: 2018-07-12T23:30:48+0200 - 16,07 kB
2018-07-12 21:36:12.012+0000 INFO  [o.n.k.i.DiagnosticsManager]       - Total: 2018-07-12T23:30:48+0200 - 16,07 kB
2018-07-12 21:36:12.012+0000 INFO  [o.n.k.i.DiagnosticsManager]     - Total: 2018-07-12T23:30:48+0200 - 16,07 kB
2018-07-12 21:36:12.013+0000 INFO  [o.n.k.i.DiagnosticsManager]   - Total: 2018-07-12T23:30:48+0200 - 16,07 kB
2018-07-12 21:36:12.013+0000 INFO  [o.n.k.i.DiagnosticsManager]   store_lock: 2018-07-12T23:30:46+0200 - 0,00 B
2018-07-12 21:36:12.013+0000 INFO  [o.n.k.i.DiagnosticsManager] --- STARTED diagnostics for KernelDiagnostics:StoreFiles END ---
2018-07-12 21:36:17.299+0000 INFO  [o.n.k.i.f.GraphDatabaseFacadeFactory] Shutdown started
2018-07-12 21:36:17.300+0000 INFO  [o.n.k.i.f.GraphDatabaseFacadeFactory] Database is now unavailable
2018-07-12 21:36:17.301+0000 INFO  [o.n.k.i.t.l.c.CheckPointerImpl] Check Pointing triggered by database shutdown [14]:  Starting check pointing...
2018-07-12 21:36:17.301+0000 INFO  [o.n.k.i.t.l.c.CheckPointerImpl] Check Pointing triggered by database shutdown [14]:  Starting store flush...
2018-07-12 21:36:17.660+0000 INFO  [o.n.k.i.s.c.CountsTracker] About to rotate counts store at transaction 14 to [/home/diana/Dokumente/eclipse/workspace/objectMappingDataNucleusNeo4j/localhost:7474/neostore.counts.db.a], from [/home/diana/Dokumente/eclipse/workspace/objectMappingDataNucleusNeo4j/localhost:7474/neostore.counts.db.b].
2018-07-12 21:36:17.664+0000 INFO  [o.n.k.i.s.c.CountsTracker] Successfully rotated counts store at transaction 14 to [/home/diana/Dokumente/eclipse/workspace/objectMappingDataNucleusNeo4j/localhost:7474/neostore.counts.db.a], from [/home/diana/Dokumente/eclipse/workspace/objectMappingDataNucleusNeo4j/localhost:7474/neostore.counts.db.b].
2018-07-12 21:36:17.889+0000 INFO  [o.n.k.i.t.l.c.CheckPointerImpl] Check Pointing triggered by database shutdown [14]:  Store flush completed
2018-07-12 21:36:17.889+0000 INFO  [o.n.k.i.t.l.c.CheckPointerImpl] Check Pointing triggered by database shutdown [14]:  Starting appending check point entry into the tx log...
2018-07-12 21:36:17.946+0000 INFO  [o.n.k.i.t.l.c.CheckPointerImpl] Check Pointing triggered by database shutdown [14]:  Appending check point entry into the tx log completed
2018-07-12 21:36:17.946+0000 INFO  [o.n.k.i.t.l.c.CheckPointerImpl] Check Pointing triggered by database shutdown [14]:  Check pointing completed
2018-07-12 21:36:17.947+0000 INFO  [o.n.k.i.t.l.p.LogPruningImpl] Log Rotation [0]:  Starting log pruning.
2018-07-12 21:36:17.947+0000 INFO  [o.n.k.i.t.l.p.LogPruningImpl] Log Rotation [0]:  Log pruning complete.
2018-07-12 21:36:18.273+0000 INFO  [o.n.k.i.DiagnosticsManager] --- STOPPING diagnostics START ---
2018-07-12 21:36:18.274+0000 INFO  [o.n.k.i.DiagnosticsManager] --- STOPPING diagnostics END ---
